2024-06-06 15:04:46,241 DEBUG    Base.Commands  [Commands.py:97] [MainThread]  Command output - RZCW31E6X5R
2024-06-06 15:04:46,241 INFO     SpecsInfo.MobileSpecsInfo  [MobileSpecsInfo.py:96] [MainThread]               Command Executed : adb wait-for-device  get-serialno 
2024-06-06 15:04:46,241 INFO     SpecsInfo.MobileSpecsInfo  [MobileSpecsInfo.py:98] [MainThread]                 Command Status :                        Success
2024-06-06 15:04:46,241 INFO     SpecsInfo.MobileSpecsInfo  [MobileSpecsInfo.py:101] [MainThread]                 Command Output :                    RZCW31E6X5R
2024-06-06 15:04:46,270 DEBUG    Base.Commands  [Commands.py:97] [MainThread]  Command output - RZCW31E6X5R
2024-06-06 15:04:46,270 INFO     SpecsInfo.MobileSpecsInfo  [MobileSpecsInfo.py:96] [MainThread]               Command Executed : adb wait-for-device  get-serialno 
2024-06-06 15:04:46,270 INFO     SpecsInfo.MobileSpecsInfo  [MobileSpecsInfo.py:98] [MainThread]                 Command Status :                        Success
2024-06-06 15:04:46,270 INFO     SpecsInfo.MobileSpecsInfo  [MobileSpecsInfo.py:101] [MainThread]                 Command Output :                    RZCW31E6X5R
2024-06-06 15:04:46,367 DEBUG    Base.Commands  [Commands.py:97] [MainThread]  Command output - universal2100_r
2024-06-06 15:04:46,368 INFO     SpecsInfo.MobileSpecsInfo  [MobileSpecsInfo.py:96] [MainThread]               Command Executed : adb wait-for-device  shell  getprop  ro.board.platform 
2024-06-06 15:04:46,368 INFO     SpecsInfo.MobileSpecsInfo  [MobileSpecsInfo.py:98] [MainThread]                 Command Status :                        Success
2024-06-06 15:04:46,368 INFO     SpecsInfo.MobileSpecsInfo  [MobileSpecsInfo.py:101] [MainThread]                 Command Output :                universal2100_r
2024-06-06 15:04:46,437 DEBUG    Base.Commands  [Commands.py:97] [MainThread]  Command output - samsung
2024-06-06 15:04:46,437 INFO     SpecsInfo.MobileSpecsInfo  [MobileSpecsInfo.py:96] [MainThread]               Command Executed : adb wait-for-device  shell  getprop  ro.product.manufacturer 
2024-06-06 15:04:46,437 INFO     SpecsInfo.MobileSpecsInfo  [MobileSpecsInfo.py:98] [MainThread]                 Command Status :                        Success
2024-06-06 15:04:46,437 INFO     SpecsInfo.MobileSpecsInfo  [MobileSpecsInfo.py:101] [MainThread]                 Command Output :                        samsung
2024-06-06 15:04:46,519 DEBUG    Base.Commands  [Commands.py:97] [MainThread]  Command output - Samsung
2024-06-06 15:04:46,519 INFO     SpecsInfo.MobileSpecsInfo  [MobileSpecsInfo.py:96] [MainThread]               Command Executed : adb wait-for-device  shell  getprop  ro.soc.manufacturer 
2024-06-06 15:04:46,519 INFO     SpecsInfo.MobileSpecsInfo  [MobileSpecsInfo.py:98] [MainThread]                 Command Status :                        Success
2024-06-06 15:04:46,519 INFO     SpecsInfo.MobileSpecsInfo  [MobileSpecsInfo.py:101] [MainThread]                 Command Output :                        Samsung
2024-06-06 15:04:46,592 DEBUG    Base.Commands  [Commands.py:97] [MainThread]  Command output - Exynos 2100
2024-06-06 15:04:46,592 INFO     SpecsInfo.MobileSpecsInfo  [MobileSpecsInfo.py:96] [MainThread]               Command Executed : adb wait-for-device  shell  getprop  ro.soc.model 
2024-06-06 15:04:46,592 INFO     SpecsInfo.MobileSpecsInfo  [MobileSpecsInfo.py:98] [MainThread]                 Command Status :                        Success
2024-06-06 15:04:46,592 INFO     SpecsInfo.MobileSpecsInfo  [MobileSpecsInfo.py:101] [MainThread]                 Command Output :                    Exynos 2100
2024-06-06 15:04:46,665 DEBUG    Base.Commands  [Commands.py:97] [MainThread]  Command output - unknown
2024-06-06 15:04:46,665 INFO     SpecsInfo.MobileSpecsInfo  [MobileSpecsInfo.py:96] [MainThread]               Command Executed : adb wait-for-device  shell  getprop  ro.baseband 
2024-06-06 15:04:46,665 INFO     SpecsInfo.MobileSpecsInfo  [MobileSpecsInfo.py:98] [MainThread]                 Command Status :                        Success
2024-06-06 15:04:46,665 INFO     SpecsInfo.MobileSpecsInfo  [MobileSpecsInfo.py:101] [MainThread]                 Command Output :                        unknown
2024-06-06 15:04:46,724 DEBUG    Base.Commands  [Commands.py:97] [MainThread]  Command output - dsds
2024-06-06 15:04:46,724 INFO     SpecsInfo.MobileSpecsInfo  [MobileSpecsInfo.py:96] [MainThread]               Command Executed : adb wait-for-device  shell  getprop  persist.radio.multisim.config 
2024-06-06 15:04:46,724 INFO     SpecsInfo.MobileSpecsInfo  [MobileSpecsInfo.py:98] [MainThread]                 Command Status :                        Success
2024-06-06 15:04:46,724 INFO     SpecsInfo.MobileSpecsInfo  [MobileSpecsInfo.py:101] [MainThread]                 Command Output :                           dsds
2024-06-06 15:04:46,817 DEBUG    Base.Commands  [Commands.py:97] [MainThread]  Command output - mali
2024-06-06 15:04:46,817 INFO     SpecsInfo.MobileSpecsInfo  [MobileSpecsInfo.py:96] [MainThread]               Command Executed : adb wait-for-device  shell  getprop  ro.hardware.egl 
2024-06-06 15:04:46,818 INFO     SpecsInfo.MobileSpecsInfo  [MobileSpecsInfo.py:98] [MainThread]                 Command Status :                        Success
2024-06-06 15:04:46,818 INFO     SpecsInfo.MobileSpecsInfo  [MobileSpecsInfo.py:101] [MainThread]                 Command Output :                           mali
2024-06-06 15:04:46,893 DEBUG    Base.Commands  [Commands.py:97] [MainThread]  Command output - 
2024-06-06 15:04:46,893 INFO     SpecsInfo.MobileSpecsInfo  [MobileSpecsInfo.py:96] [MainThread]               Command Executed : adb wait-for-device  shell  getprop  ro.hardware.nfc_nci 
2024-06-06 15:04:46,893 INFO     SpecsInfo.MobileSpecsInfo  [MobileSpecsInfo.py:98] [MainThread]                 Command Status :                        Success
2024-06-06 15:04:46,893 INFO     SpecsInfo.MobileSpecsInfo  [MobileSpecsInfo.py:101] [MainThread]                 Command Output :                               
2024-06-06 15:04:47,043 DEBUG    Base.Commands  [Commands.py:97] [MainThread]  Command output - Physical size: 1080x2340
2024-06-06 15:04:47,043 INFO     SpecsInfo.MobileSpecsInfo  [MobileSpecsInfo.py:96] [MainThread]               Command Executed : adb wait-for-device  shell  wm  size 
2024-06-06 15:04:47,043 INFO     SpecsInfo.MobileSpecsInfo  [MobileSpecsInfo.py:98] [MainThread]                 Command Status :                        Success
2024-06-06 15:04:47,043 INFO     SpecsInfo.MobileSpecsInfo  [MobileSpecsInfo.py:101] [MainThread]                 Command Output :       Physical size: 1080x2340
2024-06-06 15:04:47,138 DEBUG    Base.Commands  [Commands.py:97] [MainThread]  Command output - Physical density: 480
Override density: 420
2024-06-06 15:04:47,138 INFO     SpecsInfo.MobileSpecsInfo  [MobileSpecsInfo.py:96] [MainThread]               Command Executed : adb wait-for-device  shell  wm  density 
2024-06-06 15:04:47,138 INFO     SpecsInfo.MobileSpecsInfo  [MobileSpecsInfo.py:98] [MainThread]                 Command Status :                        Success
2024-06-06 15:04:47,138 INFO     SpecsInfo.MobileSpecsInfo  [MobileSpecsInfo.py:101] [MainThread]                 Command Output : Physical density: 480
Override density: 420
2024-06-06 15:04:47,227 DEBUG    Base.Commands  [Commands.py:97] [MainThread]  Command output - lock 0
2024-06-06 15:04:47,227 INFO     SpecsInfo.MobileSpecsInfo  [MobileSpecsInfo.py:96] [MainThread]               Command Executed : adb wait-for-device  shell  wm  user-rotation 
2024-06-06 15:04:47,227 INFO     SpecsInfo.MobileSpecsInfo  [MobileSpecsInfo.py:98] [MainThread]                 Command Status :                        Success
2024-06-06 15:04:47,227 INFO     SpecsInfo.MobileSpecsInfo  [MobileSpecsInfo.py:101] [MainThread]                 Command Output :                         lock 0
2024-06-06 15:04:47,323 DEBUG    Base.Commands  [Commands.py:97] [MainThread]  Command output - Supports non-resizable in multi window: -1
Respects activity min width/height in multi window: 0
2024-06-06 15:04:47,323 INFO     SpecsInfo.MobileSpecsInfo  [MobileSpecsInfo.py:96] [MainThread]               Command Executed : adb wait-for-device  shell  wm  get-multi-window-config 
2024-06-06 15:04:47,323 INFO     SpecsInfo.MobileSpecsInfo  [MobileSpecsInfo.py:98] [MainThread]                 Command Status :                        Success
2024-06-06 15:04:47,323 INFO     SpecsInfo.MobileSpecsInfo  [MobileSpecsInfo.py:101] [MainThread]                 Command Output : Supports non-resizable in multi window: -1
Respects activity min width/height in multi window: 0
2024-06-06 15:04:47,365 DEBUG    Base.Commands  [Commands.py:97] [MainThread]  Command output - Android Debug Bridge version 1.0.41
Version 35.0.1-11580240
Installed as C:\Users\sachi\AppData\Local\Android\Sdk\platform-tools\adb.exe
Running on Windows 10.0.26120
2024-06-06 15:04:47,365 INFO     SpecsInfo.MobileSpecsInfo  [MobileSpecsInfo.py:96] [MainThread]               Command Executed :  adb wait-for-device  version 
2024-06-06 15:04:47,365 INFO     SpecsInfo.MobileSpecsInfo  [MobileSpecsInfo.py:98] [MainThread]                 Command Status :                        Success
2024-06-06 15:04:47,366 INFO     SpecsInfo.MobileSpecsInfo  [MobileSpecsInfo.py:101] [MainThread]                 Command Output : Android Debug Bridge version 1.0.41
Version 35.0.1-11580240
Installed as C:\Users\sachi\AppData\Local\Android\Sdk\platform-tools\adb.exe
Running on Windows 10.0.26120
2024-06-06 15:04:47,448 DEBUG    Base.Commands  [Commands.py:97] [MainThread]  Command output - 14
2024-06-06 15:04:47,448 INFO     SpecsInfo.MobileSpecsInfo  [MobileSpecsInfo.py:96] [MainThread]               Command Executed : adb wait-for-device  shell  getprop  ro.build.version.release 
2024-06-06 15:04:47,448 INFO     SpecsInfo.MobileSpecsInfo  [MobileSpecsInfo.py:98] [MainThread]                 Command Status :                        Success
2024-06-06 15:04:47,448 INFO     SpecsInfo.MobileSpecsInfo  [MobileSpecsInfo.py:101] [MainThread]                 Command Output :                             14
2024-06-06 15:04:47,529 DEBUG    Base.Commands  [Commands.py:97] [MainThread]  Command output - 5.4
2024-06-06 15:04:47,530 INFO     SpecsInfo.MobileSpecsInfo  [MobileSpecsInfo.py:96] [MainThread]               Command Executed : adb wait-for-device  shell  getprop  ro.kernel.version 
2024-06-06 15:04:47,530 INFO     SpecsInfo.MobileSpecsInfo  [MobileSpecsInfo.py:98] [MainThread]                 Command Status :                        Success
2024-06-06 15:04:47,530 INFO     SpecsInfo.MobileSpecsInfo  [MobileSpecsInfo.py:101] [MainThread]                 Command Output :                            5.4
2024-06-06 15:06:08,848 DEBUG    Base.Commands  [Commands.py:97] [MainThread]  Command output - 
2024-06-06 15:06:08,848 INFO     SpecsInfo.MobileSpecsInfo  [MobileSpecsInfo.py:96] [MainThread]               Command Executed : adb wait-for-device  shell  dumpsys | grep -i  adreno
2024-06-06 15:06:08,848 INFO     SpecsInfo.MobileSpecsInfo  [MobileSpecsInfo.py:98] [MainThread]                 Command Status :                        Success
2024-06-06 15:06:08,848 INFO     SpecsInfo.MobileSpecsInfo  [MobileSpecsInfo.py:101] [MainThread]                 Command Output :                               
2024-06-06 15:06:08,850 ERROR    root          [Runner.py:56] [MainThread]  Unexpected error in setup() or execute() :'NoneType' object has no attribute 'groupdict'
