2024-06-19 12:15:49,204 DEBUG    Base.Commands  [Commands.py:97] [MainThread]  Command output - RZCW31E6X5R
2024-06-19 12:15:49,204 INFO     SpecsInfo.MobileSpecsInfo  [MobileSpecsInfo.py:96] [MainThread]               Command Executed : adb wait-for-device  get-serialno 
2024-06-19 12:15:49,204 INFO     SpecsInfo.MobileSpecsInfo  [MobileSpecsInfo.py:98] [MainThread]                 Command Status :                        Success
2024-06-19 12:15:49,204 INFO     SpecsInfo.MobileSpecsInfo  [MobileSpecsInfo.py:101] [MainThread]                 Command Output :                    RZCW31E6X5R
2024-06-19 12:15:49,257 DEBUG    Base.Commands  [Commands.py:97] [MainThread]  Command output - RZCW31E6X5R
2024-06-19 12:15:49,257 INFO     SpecsInfo.MobileSpecsInfo  [MobileSpecsInfo.py:96] [MainThread]               Command Executed : adb wait-for-device  get-serialno 
2024-06-19 12:15:49,257 INFO     SpecsInfo.MobileSpecsInfo  [MobileSpecsInfo.py:98] [MainThread]                 Command Status :                        Success
2024-06-19 12:15:49,257 INFO     SpecsInfo.MobileSpecsInfo  [MobileSpecsInfo.py:101] [MainThread]                 Command Output :                    RZCW31E6X5R
2024-06-19 12:15:49,358 DEBUG    Base.Commands  [Commands.py:97] [MainThread]  Command output - universal2100_r
2024-06-19 12:15:49,358 INFO     SpecsInfo.MobileSpecsInfo  [MobileSpecsInfo.py:96] [MainThread]               Command Executed : adb wait-for-device  shell  getprop  ro.board.platform 
2024-06-19 12:15:49,358 INFO     SpecsInfo.MobileSpecsInfo  [MobileSpecsInfo.py:98] [MainThread]                 Command Status :                        Success
2024-06-19 12:15:49,358 INFO     SpecsInfo.MobileSpecsInfo  [MobileSpecsInfo.py:101] [MainThread]                 Command Output :                universal2100_r
2024-06-19 12:15:49,448 DEBUG    Base.Commands  [Commands.py:97] [MainThread]  Command output - samsung
2024-06-19 12:15:49,448 INFO     SpecsInfo.MobileSpecsInfo  [MobileSpecsInfo.py:96] [MainThread]               Command Executed : adb wait-for-device  shell  getprop  ro.product.manufacturer 
2024-06-19 12:15:49,449 INFO     SpecsInfo.MobileSpecsInfo  [MobileSpecsInfo.py:98] [MainThread]                 Command Status :                        Success
2024-06-19 12:15:49,449 INFO     SpecsInfo.MobileSpecsInfo  [MobileSpecsInfo.py:101] [MainThread]                 Command Output :                        samsung
2024-06-19 12:15:49,542 DEBUG    Base.Commands  [Commands.py:97] [MainThread]  Command output - Samsung
2024-06-19 12:15:49,543 INFO     SpecsInfo.MobileSpecsInfo  [MobileSpecsInfo.py:96] [MainThread]               Command Executed : adb wait-for-device  shell  getprop  ro.soc.manufacturer 
2024-06-19 12:15:49,544 INFO     SpecsInfo.MobileSpecsInfo  [MobileSpecsInfo.py:98] [MainThread]                 Command Status :                        Success
2024-06-19 12:15:49,544 INFO     SpecsInfo.MobileSpecsInfo  [MobileSpecsInfo.py:101] [MainThread]                 Command Output :                        Samsung
2024-06-19 12:15:49,630 DEBUG    Base.Commands  [Commands.py:97] [MainThread]  Command output - Exynos 2100
2024-06-19 12:15:49,630 INFO     SpecsInfo.MobileSpecsInfo  [MobileSpecsInfo.py:96] [MainThread]               Command Executed : adb wait-for-device  shell  getprop  ro.soc.model 
2024-06-19 12:15:49,630 INFO     SpecsInfo.MobileSpecsInfo  [MobileSpecsInfo.py:98] [MainThread]                 Command Status :                        Success
2024-06-19 12:15:49,630 INFO     SpecsInfo.MobileSpecsInfo  [MobileSpecsInfo.py:101] [MainThread]                 Command Output :                    Exynos 2100
2024-06-19 12:15:49,719 DEBUG    Base.Commands  [Commands.py:97] [MainThread]  Command output - unknown
2024-06-19 12:15:49,720 INFO     SpecsInfo.MobileSpecsInfo  [MobileSpecsInfo.py:96] [MainThread]               Command Executed : adb wait-for-device  shell  getprop  ro.baseband 
2024-06-19 12:15:49,721 INFO     SpecsInfo.MobileSpecsInfo  [MobileSpecsInfo.py:98] [MainThread]                 Command Status :                        Success
2024-06-19 12:15:49,721 INFO     SpecsInfo.MobileSpecsInfo  [MobileSpecsInfo.py:101] [MainThread]                 Command Output :                        unknown
2024-06-19 12:15:49,822 DEBUG    Base.Commands  [Commands.py:97] [MainThread]  Command output - dsds
2024-06-19 12:15:49,823 INFO     SpecsInfo.MobileSpecsInfo  [MobileSpecsInfo.py:96] [MainThread]               Command Executed : adb wait-for-device  shell  getprop  persist.radio.multisim.config 
2024-06-19 12:15:49,823 INFO     SpecsInfo.MobileSpecsInfo  [MobileSpecsInfo.py:98] [MainThread]                 Command Status :                        Success
2024-06-19 12:15:49,823 INFO     SpecsInfo.MobileSpecsInfo  [MobileSpecsInfo.py:101] [MainThread]                 Command Output :                           dsds
2024-06-19 12:15:49,902 DEBUG    Base.Commands  [Commands.py:97] [MainThread]  Command output - mali
2024-06-19 12:15:49,902 INFO     SpecsInfo.MobileSpecsInfo  [MobileSpecsInfo.py:96] [MainThread]               Command Executed : adb wait-for-device  shell  getprop  ro.hardware.egl 
2024-06-19 12:15:49,902 INFO     SpecsInfo.MobileSpecsInfo  [MobileSpecsInfo.py:98] [MainThread]                 Command Status :                        Success
2024-06-19 12:15:49,902 INFO     SpecsInfo.MobileSpecsInfo  [MobileSpecsInfo.py:101] [MainThread]                 Command Output :                           mali
2024-06-19 12:15:49,998 DEBUG    Base.Commands  [Commands.py:97] [MainThread]  Command output - 
2024-06-19 12:15:49,998 INFO     SpecsInfo.MobileSpecsInfo  [MobileSpecsInfo.py:96] [MainThread]               Command Executed : adb wait-for-device  shell  getprop  ro.hardware.nfc_nci 
2024-06-19 12:15:49,999 INFO     SpecsInfo.MobileSpecsInfo  [MobileSpecsInfo.py:98] [MainThread]                 Command Status :                        Success
2024-06-19 12:15:49,999 INFO     SpecsInfo.MobileSpecsInfo  [MobileSpecsInfo.py:101] [MainThread]                 Command Output :                               
2024-06-19 12:15:50,139 DEBUG    Base.Commands  [Commands.py:97] [MainThread]  Command output - Physical size: 1080x2340
2024-06-19 12:15:50,139 INFO     SpecsInfo.MobileSpecsInfo  [MobileSpecsInfo.py:96] [MainThread]               Command Executed : adb wait-for-device  shell  wm  size 
2024-06-19 12:15:50,139 INFO     SpecsInfo.MobileSpecsInfo  [MobileSpecsInfo.py:98] [MainThread]                 Command Status :                        Success
2024-06-19 12:15:50,139 INFO     SpecsInfo.MobileSpecsInfo  [MobileSpecsInfo.py:101] [MainThread]                 Command Output :       Physical size: 1080x2340
2024-06-19 12:15:50,267 DEBUG    Base.Commands  [Commands.py:97] [MainThread]  Command output - Physical density: 480
2024-06-19 12:15:50,267 INFO     SpecsInfo.MobileSpecsInfo  [MobileSpecsInfo.py:96] [MainThread]               Command Executed : adb wait-for-device  shell  wm  density 
2024-06-19 12:15:50,267 INFO     SpecsInfo.MobileSpecsInfo  [MobileSpecsInfo.py:98] [MainThread]                 Command Status :                        Success
2024-06-19 12:15:50,267 INFO     SpecsInfo.MobileSpecsInfo  [MobileSpecsInfo.py:101] [MainThread]                 Command Output :          Physical density: 480
2024-06-19 12:15:50,398 DEBUG    Base.Commands  [Commands.py:97] [MainThread]  Command output - lock 0
2024-06-19 12:15:50,399 INFO     SpecsInfo.MobileSpecsInfo  [MobileSpecsInfo.py:96] [MainThread]               Command Executed : adb wait-for-device  shell  wm  user-rotation 
2024-06-19 12:15:50,399 INFO     SpecsInfo.MobileSpecsInfo  [MobileSpecsInfo.py:98] [MainThread]                 Command Status :                        Success
2024-06-19 12:15:50,399 INFO     SpecsInfo.MobileSpecsInfo  [MobileSpecsInfo.py:101] [MainThread]                 Command Output :                         lock 0
2024-06-19 12:15:50,539 DEBUG    Base.Commands  [Commands.py:97] [MainThread]  Command output - Supports non-resizable in multi window: -1
Respects activity min width/height in multi window: 0
2024-06-19 12:15:50,539 INFO     SpecsInfo.MobileSpecsInfo  [MobileSpecsInfo.py:96] [MainThread]               Command Executed : adb wait-for-device  shell  wm  get-multi-window-config 
2024-06-19 12:15:50,539 INFO     SpecsInfo.MobileSpecsInfo  [MobileSpecsInfo.py:98] [MainThread]                 Command Status :                        Success
2024-06-19 12:15:50,539 INFO     SpecsInfo.MobileSpecsInfo  [MobileSpecsInfo.py:101] [MainThread]                 Command Output : Supports non-resizable in multi window: -1
Respects activity min width/height in multi window: 0
2024-06-19 12:15:50,588 DEBUG    Base.Commands  [Commands.py:97] [MainThread]  Command output - Android Debug Bridge version 1.0.41
Version 35.0.1-11580240
Installed as C:\Users\sachi\AppData\Local\Android\Sdk\platform-tools\adb.exe
Running on Windows 10.0.26120
2024-06-19 12:15:50,588 INFO     SpecsInfo.MobileSpecsInfo  [MobileSpecsInfo.py:96] [MainThread]               Command Executed :  adb wait-for-device  version 
2024-06-19 12:15:50,589 INFO     SpecsInfo.MobileSpecsInfo  [MobileSpecsInfo.py:98] [MainThread]                 Command Status :                        Success
2024-06-19 12:15:50,589 INFO     SpecsInfo.MobileSpecsInfo  [MobileSpecsInfo.py:101] [MainThread]                 Command Output : Android Debug Bridge version 1.0.41
Version 35.0.1-11580240
Installed as C:\Users\sachi\AppData\Local\Android\Sdk\platform-tools\adb.exe
Running on Windows 10.0.26120
2024-06-19 12:15:50,675 DEBUG    Base.Commands  [Commands.py:97] [MainThread]  Command output - 14
2024-06-19 12:15:50,675 INFO     SpecsInfo.MobileSpecsInfo  [MobileSpecsInfo.py:96] [MainThread]               Command Executed : adb wait-for-device  shell  getprop  ro.build.version.release 
2024-06-19 12:15:50,675 INFO     SpecsInfo.MobileSpecsInfo  [MobileSpecsInfo.py:98] [MainThread]                 Command Status :                        Success
2024-06-19 12:15:50,675 INFO     SpecsInfo.MobileSpecsInfo  [MobileSpecsInfo.py:101] [MainThread]                 Command Output :                             14
2024-06-19 12:15:50,740 DEBUG    Base.Commands  [Commands.py:97] [MainThread]  Command output - 5.4
2024-06-19 12:15:50,740 INFO     SpecsInfo.MobileSpecsInfo  [MobileSpecsInfo.py:96] [MainThread]               Command Executed : adb wait-for-device  shell  getprop  ro.kernel.version 
2024-06-19 12:15:50,740 INFO     SpecsInfo.MobileSpecsInfo  [MobileSpecsInfo.py:98] [MainThread]                 Command Status :                        Success
2024-06-19 12:15:50,740 INFO     SpecsInfo.MobileSpecsInfo  [MobileSpecsInfo.py:101] [MainThread]                 Command Output :                            5.4
2024-06-19 12:15:50,842 DEBUG    Base.Commands  [Commands.py:97] [MainThread]  Command output - 34
2024-06-19 12:15:50,843 INFO     SpecsInfo.MobileSpecsInfo  [MobileSpecsInfo.py:96] [MainThread]               Command Executed : adb wait-for-device  shell  getprop  ro.build.version.sdk 
2024-06-19 12:15:50,843 INFO     SpecsInfo.MobileSpecsInfo  [MobileSpecsInfo.py:98] [MainThread]                 Command Status :                        Success
2024-06-19 12:15:50,843 INFO     SpecsInfo.MobileSpecsInfo  [MobileSpecsInfo.py:101] [MainThread]                 Command Output :                             34
2024-06-19 12:15:50,938 DEBUG    Base.Commands  [Commands.py:97] [MainThread]  Command output - 34
2024-06-19 12:15:50,938 INFO     SpecsInfo.MobileSpecsInfo  [MobileSpecsInfo.py:96] [MainThread]               Command Executed : adb wait-for-device  shell  getprop  ro.product.build.version.sdk 
2024-06-19 12:15:50,938 INFO     SpecsInfo.MobileSpecsInfo  [MobileSpecsInfo.py:98] [MainThread]                 Command Status :                        Success
2024-06-19 12:15:50,938 INFO     SpecsInfo.MobileSpecsInfo  [MobileSpecsInfo.py:101] [MainThread]                 Command Output :                             34
2024-06-19 12:15:51,019 DEBUG    Base.Commands  [Commands.py:97] [MainThread]  Command output - 34
2024-06-19 12:15:51,019 INFO     SpecsInfo.MobileSpecsInfo  [MobileSpecsInfo.py:96] [MainThread]               Command Executed : adb wait-for-device  shell  getprop  ro.system.build.version.sdk 
2024-06-19 12:15:51,019 INFO     SpecsInfo.MobileSpecsInfo  [MobileSpecsInfo.py:98] [MainThread]                 Command Status :                        Success
2024-06-19 12:15:51,019 INFO     SpecsInfo.MobileSpecsInfo  [MobileSpecsInfo.py:101] [MainThread]                 Command Output :                             34
2024-06-19 12:15:51,107 DEBUG    Base.Commands  [Commands.py:97] [MainThread]  Command output - 30
2024-06-19 12:15:51,108 INFO     SpecsInfo.MobileSpecsInfo  [MobileSpecsInfo.py:96] [MainThread]               Command Executed : adb wait-for-device  shell  getprop  ro.vendor.build.version.sdk 
2024-06-19 12:15:51,108 INFO     SpecsInfo.MobileSpecsInfo  [MobileSpecsInfo.py:98] [MainThread]                 Command Status :                        Success
2024-06-19 12:15:51,108 INFO     SpecsInfo.MobileSpecsInfo  [MobileSpecsInfo.py:101] [MainThread]                 Command Output :                             30
2024-06-19 12:15:51,232 DEBUG    Base.Commands  [Commands.py:97] [MainThread]  Command output - policy0
policy4
policy7
2024-06-19 12:15:51,233 INFO     SpecsInfo.MobileSpecsInfo  [MobileSpecsInfo.py:96] [MainThread]               Command Executed : adb wait-for-device  shell  ls /sys/devices/system/cpu/cpufreq
2024-06-19 12:15:51,233 INFO     SpecsInfo.MobileSpecsInfo  [MobileSpecsInfo.py:98] [MainThread]                 Command Status :                        Success
2024-06-19 12:15:51,233 INFO     SpecsInfo.MobileSpecsInfo  [MobileSpecsInfo.py:101] [MainThread]                 Command Output :      policy0
policy4
policy7
2024-06-19 12:15:51,329 DEBUG    Base.Commands  [Commands.py:97] [MainThread]  Command output - 0 1 2 3
2024-06-19 12:15:51,329 INFO     SpecsInfo.MobileSpecsInfo  [MobileSpecsInfo.py:96] [MainThread]               Command Executed : adb wait-for-device  shell  cat /sys/devices/system/cpu/cpufreq/policy0/related_cpus
2024-06-19 12:15:51,329 INFO     SpecsInfo.MobileSpecsInfo  [MobileSpecsInfo.py:98] [MainThread]                 Command Status :                        Success
2024-06-19 12:15:51,329 INFO     SpecsInfo.MobileSpecsInfo  [MobileSpecsInfo.py:101] [MainThread]                 Command Output :                        0 1 2 3
2024-06-19 12:15:51,450 DEBUG    Base.Commands  [Commands.py:97] [MainThread]  Command output - 400000
2024-06-19 12:15:51,450 INFO     SpecsInfo.MobileSpecsInfo  [MobileSpecsInfo.py:96] [MainThread]               Command Executed : adb wait-for-device  shell  cat /sys/devices/system/cpu/cpufreq/policy0/scaling_min_freq
2024-06-19 12:15:51,450 INFO     SpecsInfo.MobileSpecsInfo  [MobileSpecsInfo.py:98] [MainThread]                 Command Status :                        Success
2024-06-19 12:15:51,451 INFO     SpecsInfo.MobileSpecsInfo  [MobileSpecsInfo.py:101] [MainThread]                 Command Output :                         400000
2024-06-19 12:15:51,541 DEBUG    Base.Commands  [Commands.py:97] [MainThread]  Command output - 2210000
2024-06-19 12:15:51,542 INFO     SpecsInfo.MobileSpecsInfo  [MobileSpecsInfo.py:96] [MainThread]               Command Executed : adb wait-for-device  shell  cat /sys/devices/system/cpu/cpufreq/policy0/scaling_max_freq
2024-06-19 12:15:51,542 INFO     SpecsInfo.MobileSpecsInfo  [MobileSpecsInfo.py:98] [MainThread]                 Command Status :                        Success
2024-06-19 12:15:51,542 INFO     SpecsInfo.MobileSpecsInfo  [MobileSpecsInfo.py:101] [MainThread]                 Command Output :                        2210000
2024-06-19 12:15:51,651 DEBUG    Base.Commands  [Commands.py:97] [MainThread]  Command output - 754000
2024-06-19 12:15:51,651 INFO     SpecsInfo.MobileSpecsInfo  [MobileSpecsInfo.py:96] [MainThread]               Command Executed : adb wait-for-device  shell  cat /sys/devices/system/cpu/cpufreq/policy0/scaling_cur_freq
2024-06-19 12:15:51,651 INFO     SpecsInfo.MobileSpecsInfo  [MobileSpecsInfo.py:98] [MainThread]                 Command Status :                        Success
2024-06-19 12:15:51,651 INFO     SpecsInfo.MobileSpecsInfo  [MobileSpecsInfo.py:101] [MainThread]                 Command Output :                         754000
2024-06-19 12:15:51,746 DEBUG    Base.Commands  [Commands.py:97] [MainThread]  Command output - 400000 533000 650000 754000 858000 962000 1066000 1170000 1274000 1378000 1482000 1586000 1690000 1794000 1898000 2002000 2106000 2210000
2024-06-19 12:15:51,746 INFO     SpecsInfo.MobileSpecsInfo  [MobileSpecsInfo.py:96] [MainThread]               Command Executed : adb wait-for-device  shell  cat /sys/devices/system/cpu/cpufreq/policy0/scaling_available_frequencies
2024-06-19 12:15:51,746 INFO     SpecsInfo.MobileSpecsInfo  [MobileSpecsInfo.py:98] [MainThread]                 Command Status :                        Success
2024-06-19 12:15:51,746 INFO     SpecsInfo.MobileSpecsInfo  [MobileSpecsInfo.py:101] [MainThread]                 Command Output : 400000 533000 650000 754000 858000 962000 1066000 1170000 1274000 1378000 1482000 1586000 1690000 1794000 1898000 2002000 2106000 2210000
2024-06-19 12:15:51,863 DEBUG    Base.Commands  [Commands.py:97] [MainThread]  Command output - conservative powersave performance energy_step schedutil
2024-06-19 12:15:51,863 INFO     SpecsInfo.MobileSpecsInfo  [MobileSpecsInfo.py:96] [MainThread]               Command Executed : adb wait-for-device  shell  cat /sys/devices/system/cpu/cpufreq/policy0/scaling_available_governors
2024-06-19 12:15:51,863 INFO     SpecsInfo.MobileSpecsInfo  [MobileSpecsInfo.py:98] [MainThread]                 Command Status :                        Success
2024-06-19 12:15:51,864 INFO     SpecsInfo.MobileSpecsInfo  [MobileSpecsInfo.py:101] [MainThread]                 Command Output : conservative powersave performance energy_step schedutil
2024-06-19 12:15:51,950 DEBUG    Base.Commands  [Commands.py:97] [MainThread]  Command output - energy_step
2024-06-19 12:15:51,950 INFO     SpecsInfo.MobileSpecsInfo  [MobileSpecsInfo.py:96] [MainThread]               Command Executed : adb wait-for-device  shell  cat /sys/devices/system/cpu/cpufreq/policy0/scaling_governor
2024-06-19 12:15:51,950 INFO     SpecsInfo.MobileSpecsInfo  [MobileSpecsInfo.py:98] [MainThread]                 Command Status :                        Success
2024-06-19 12:15:51,950 INFO     SpecsInfo.MobileSpecsInfo  [MobileSpecsInfo.py:101] [MainThread]                 Command Output :                    energy_step
2024-06-19 12:15:52,053 DEBUG    Base.Commands  [Commands.py:97] [MainThread]  Command output - 
2024-06-19 12:15:52,053 INFO     SpecsInfo.MobileSpecsInfo  [MobileSpecsInfo.py:96] [MainThread]               Command Executed : adb wait-for-device  shell  cat /sys/devices/system/cpu/cpufreq/policy0/../../offline
2024-06-19 12:15:52,053 INFO     SpecsInfo.MobileSpecsInfo  [MobileSpecsInfo.py:98] [MainThread]                 Command Status :                        Success
2024-06-19 12:15:52,053 INFO     SpecsInfo.MobileSpecsInfo  [MobileSpecsInfo.py:101] [MainThread]                 Command Output :                               
2024-06-19 12:15:52,142 DEBUG    Base.Commands  [Commands.py:97] [MainThread]  Command output - 0-7
2024-06-19 12:15:52,142 INFO     SpecsInfo.MobileSpecsInfo  [MobileSpecsInfo.py:96] [MainThread]               Command Executed : adb wait-for-device  shell  cat /sys/devices/system/cpu/cpufreq/policy0/../../online
2024-06-19 12:15:52,142 INFO     SpecsInfo.MobileSpecsInfo  [MobileSpecsInfo.py:98] [MainThread]                 Command Status :                        Success
2024-06-19 12:15:52,142 INFO     SpecsInfo.MobileSpecsInfo  [MobileSpecsInfo.py:101] [MainThread]                 Command Output :                            0-7
2024-06-19 12:15:52,235 DEBUG    Base.Commands  [Commands.py:97] [MainThread]  Command output - 
2024-06-19 12:15:52,235 INFO     SpecsInfo.MobileSpecsInfo  [MobileSpecsInfo.py:96] [MainThread]               Command Executed : adb wait-for-device  shell  cat /sys/devices/system/cpu/cpufreq/policy0/../../cpu_boost/input_boost_freq
2024-06-19 12:15:52,235 INFO     SpecsInfo.MobileSpecsInfo  [MobileSpecsInfo.py:98] [MainThread]                 Command Status :                        Success
2024-06-19 12:15:52,235 INFO     SpecsInfo.MobileSpecsInfo  [MobileSpecsInfo.py:101] [MainThread]                 Command Output :                               
2024-06-19 12:15:52,335 DEBUG    Base.Commands  [Commands.py:97] [MainThread]  Command output - 202
2024-06-19 12:15:52,335 INFO     SpecsInfo.MobileSpecsInfo  [MobileSpecsInfo.py:96] [MainThread]               Command Executed : adb wait-for-device  shell  cat /sys/devices/system/cpu/cpufreq/policy0/../../cpu0/cpu_capacity
2024-06-19 12:15:52,336 INFO     SpecsInfo.MobileSpecsInfo  [MobileSpecsInfo.py:98] [MainThread]                 Command Status :                        Success
2024-06-19 12:15:52,336 INFO     SpecsInfo.MobileSpecsInfo  [MobileSpecsInfo.py:101] [MainThread]                 Command Output :                            202
2024-06-19 12:15:52,452 DEBUG    Base.Commands  [Commands.py:97] [MainThread]  Command output - 
2024-06-19 12:15:52,452 INFO     SpecsInfo.MobileSpecsInfo  [MobileSpecsInfo.py:96] [MainThread]               Command Executed : adb wait-for-device  shell  cat /proc/cpuinfo | grep Processor
2024-06-19 12:15:52,453 INFO     SpecsInfo.MobileSpecsInfo  [MobileSpecsInfo.py:98] [MainThread]                 Command Status :                        Success
2024-06-19 12:15:52,453 INFO     SpecsInfo.MobileSpecsInfo  [MobileSpecsInfo.py:101] [MainThread]                 Command Output :                               
2024-06-19 12:15:52,453 INFO     SpecsInfo.CpuSpecsInfo  [CpuSpecsInfo.py:138] [MainThread]  Core Arch : 
2024-06-19 12:15:52,544 DEBUG    Base.Commands  [Commands.py:97] [MainThread]  Command output - 4 5 6
2024-06-19 12:15:52,544 INFO     SpecsInfo.MobileSpecsInfo  [MobileSpecsInfo.py:96] [MainThread]               Command Executed : adb wait-for-device  shell  cat /sys/devices/system/cpu/cpufreq/policy4/related_cpus
2024-06-19 12:15:52,544 INFO     SpecsInfo.MobileSpecsInfo  [MobileSpecsInfo.py:98] [MainThread]                 Command Status :                        Success
2024-06-19 12:15:52,544 INFO     SpecsInfo.MobileSpecsInfo  [MobileSpecsInfo.py:101] [MainThread]                 Command Output :                          4 5 6
2024-06-19 12:15:52,652 DEBUG    Base.Commands  [Commands.py:97] [MainThread]  Command output - 533000
2024-06-19 12:15:52,652 INFO     SpecsInfo.MobileSpecsInfo  [MobileSpecsInfo.py:96] [MainThread]               Command Executed : adb wait-for-device  shell  cat /sys/devices/system/cpu/cpufreq/policy4/scaling_min_freq
2024-06-19 12:15:52,652 INFO     SpecsInfo.MobileSpecsInfo  [MobileSpecsInfo.py:98] [MainThread]                 Command Status :                        Success
2024-06-19 12:15:52,652 INFO     SpecsInfo.MobileSpecsInfo  [MobileSpecsInfo.py:101] [MainThread]                 Command Output :                         533000
2024-06-19 12:15:52,746 DEBUG    Base.Commands  [Commands.py:97] [MainThread]  Command output - 2808000
2024-06-19 12:15:52,746 INFO     SpecsInfo.MobileSpecsInfo  [MobileSpecsInfo.py:96] [MainThread]               Command Executed : adb wait-for-device  shell  cat /sys/devices/system/cpu/cpufreq/policy4/scaling_max_freq
2024-06-19 12:15:52,746 INFO     SpecsInfo.MobileSpecsInfo  [MobileSpecsInfo.py:98] [MainThread]                 Command Status :                        Success
2024-06-19 12:15:52,746 INFO     SpecsInfo.MobileSpecsInfo  [MobileSpecsInfo.py:101] [MainThread]                 Command Output :                        2808000
2024-06-19 12:15:52,843 DEBUG    Base.Commands  [Commands.py:97] [MainThread]  Command output - 533000
2024-06-19 12:15:52,843 INFO     SpecsInfo.MobileSpecsInfo  [MobileSpecsInfo.py:96] [MainThread]               Command Executed : adb wait-for-device  shell  cat /sys/devices/system/cpu/cpufreq/policy4/scaling_cur_freq
2024-06-19 12:15:52,843 INFO     SpecsInfo.MobileSpecsInfo  [MobileSpecsInfo.py:98] [MainThread]                 Command Status :                        Success
2024-06-19 12:15:52,843 INFO     SpecsInfo.MobileSpecsInfo  [MobileSpecsInfo.py:101] [MainThread]                 Command Output :                         533000
2024-06-19 12:15:52,935 DEBUG    Base.Commands  [Commands.py:97] [MainThread]  Command output - 533000 624000 728000 832000 936000 1040000 1144000 1248000 1352000 1456000 1560000 1664000 1768000 1872000 1976000 2080000 2184000 2288000 2392000 2496000 2600000 2704000 2808000
2024-06-19 12:15:52,935 INFO     SpecsInfo.MobileSpecsInfo  [MobileSpecsInfo.py:96] [MainThread]               Command Executed : adb wait-for-device  shell  cat /sys/devices/system/cpu/cpufreq/policy4/scaling_available_frequencies
2024-06-19 12:15:52,935 INFO     SpecsInfo.MobileSpecsInfo  [MobileSpecsInfo.py:98] [MainThread]                 Command Status :                        Success
2024-06-19 12:15:52,935 INFO     SpecsInfo.MobileSpecsInfo  [MobileSpecsInfo.py:101] [MainThread]                 Command Output : 533000 624000 728000 832000 936000 1040000 1144000 1248000 1352000 1456000 1560000 1664000 1768000 1872000 1976000 2080000 2184000 2288000 2392000 2496000 2600000 2704000 2808000
2024-06-19 12:15:53,027 DEBUG    Base.Commands  [Commands.py:97] [MainThread]  Command output - conservative powersave performance energy_step schedutil
2024-06-19 12:15:53,027 INFO     SpecsInfo.MobileSpecsInfo  [MobileSpecsInfo.py:96] [MainThread]               Command Executed : adb wait-for-device  shell  cat /sys/devices/system/cpu/cpufreq/policy4/scaling_available_governors
2024-06-19 12:15:53,028 INFO     SpecsInfo.MobileSpecsInfo  [MobileSpecsInfo.py:98] [MainThread]                 Command Status :                        Success
2024-06-19 12:15:53,028 INFO     SpecsInfo.MobileSpecsInfo  [MobileSpecsInfo.py:101] [MainThread]                 Command Output : conservative powersave performance energy_step schedutil
2024-06-19 12:15:53,129 DEBUG    Base.Commands  [Commands.py:97] [MainThread]  Command output - energy_step
2024-06-19 12:15:53,130 INFO     SpecsInfo.MobileSpecsInfo  [MobileSpecsInfo.py:96] [MainThread]               Command Executed : adb wait-for-device  shell  cat /sys/devices/system/cpu/cpufreq/policy4/scaling_governor
2024-06-19 12:15:53,130 INFO     SpecsInfo.MobileSpecsInfo  [MobileSpecsInfo.py:98] [MainThread]                 Command Status :                        Success
2024-06-19 12:15:53,130 INFO     SpecsInfo.MobileSpecsInfo  [MobileSpecsInfo.py:101] [MainThread]                 Command Output :                    energy_step
2024-06-19 12:15:53,220 DEBUG    Base.Commands  [Commands.py:97] [MainThread]  Command output - 
2024-06-19 12:15:53,222 INFO     SpecsInfo.MobileSpecsInfo  [MobileSpecsInfo.py:96] [MainThread]               Command Executed : adb wait-for-device  shell  cat /sys/devices/system/cpu/cpufreq/policy4/../../offline
2024-06-19 12:15:53,222 INFO     SpecsInfo.MobileSpecsInfo  [MobileSpecsInfo.py:98] [MainThread]                 Command Status :                        Success
2024-06-19 12:15:53,222 INFO     SpecsInfo.MobileSpecsInfo  [MobileSpecsInfo.py:101] [MainThread]                 Command Output :                               
2024-06-19 12:15:53,314 DEBUG    Base.Commands  [Commands.py:97] [MainThread]  Command output - 0-7
2024-06-19 12:15:53,316 INFO     SpecsInfo.MobileSpecsInfo  [MobileSpecsInfo.py:96] [MainThread]               Command Executed : adb wait-for-device  shell  cat /sys/devices/system/cpu/cpufreq/policy4/../../online
2024-06-19 12:15:53,317 INFO     SpecsInfo.MobileSpecsInfo  [MobileSpecsInfo.py:98] [MainThread]                 Command Status :                        Success
2024-06-19 12:15:53,319 INFO     SpecsInfo.MobileSpecsInfo  [MobileSpecsInfo.py:101] [MainThread]                 Command Output :                            0-7
2024-06-19 12:15:53,410 DEBUG    Base.Commands  [Commands.py:97] [MainThread]  Command output - 
2024-06-19 12:15:53,410 INFO     SpecsInfo.MobileSpecsInfo  [MobileSpecsInfo.py:96] [MainThread]               Command Executed : adb wait-for-device  shell  cat /sys/devices/system/cpu/cpufreq/policy4/../../cpu_boost/input_boost_freq
2024-06-19 12:15:53,411 INFO     SpecsInfo.MobileSpecsInfo  [MobileSpecsInfo.py:98] [MainThread]                 Command Status :                        Success
2024-06-19 12:15:53,411 INFO     SpecsInfo.MobileSpecsInfo  [MobileSpecsInfo.py:101] [MainThread]                 Command Output :                               
2024-06-19 12:15:53,505 DEBUG    Base.Commands  [Commands.py:97] [MainThread]  Command output - 871
2024-06-19 12:15:53,505 INFO     SpecsInfo.MobileSpecsInfo  [MobileSpecsInfo.py:96] [MainThread]               Command Executed : adb wait-for-device  shell  cat /sys/devices/system/cpu/cpufreq/policy4/../../cpu4/cpu_capacity
2024-06-19 12:15:53,506 INFO     SpecsInfo.MobileSpecsInfo  [MobileSpecsInfo.py:98] [MainThread]                 Command Status :                        Success
2024-06-19 12:15:53,506 INFO     SpecsInfo.MobileSpecsInfo  [MobileSpecsInfo.py:101] [MainThread]                 Command Output :                            871
2024-06-19 12:15:53,612 DEBUG    Base.Commands  [Commands.py:97] [MainThread]  Command output - 
2024-06-19 12:15:53,612 INFO     SpecsInfo.MobileSpecsInfo  [MobileSpecsInfo.py:96] [MainThread]               Command Executed : adb wait-for-device  shell  cat /proc/cpuinfo | grep Processor
2024-06-19 12:15:53,612 INFO     SpecsInfo.MobileSpecsInfo  [MobileSpecsInfo.py:98] [MainThread]                 Command Status :                        Success
2024-06-19 12:15:53,612 INFO     SpecsInfo.MobileSpecsInfo  [MobileSpecsInfo.py:101] [MainThread]                 Command Output :                               
2024-06-19 12:15:53,612 INFO     SpecsInfo.CpuSpecsInfo  [CpuSpecsInfo.py:138] [MainThread]  Core Arch : 
2024-06-19 12:15:53,708 DEBUG    Base.Commands  [Commands.py:97] [MainThread]  Command output - 7
2024-06-19 12:15:53,708 INFO     SpecsInfo.MobileSpecsInfo  [MobileSpecsInfo.py:96] [MainThread]               Command Executed : adb wait-for-device  shell  cat /sys/devices/system/cpu/cpufreq/policy7/related_cpus
2024-06-19 12:15:53,709 INFO     SpecsInfo.MobileSpecsInfo  [MobileSpecsInfo.py:98] [MainThread]                 Command Status :                        Success
2024-06-19 12:15:53,709 INFO     SpecsInfo.MobileSpecsInfo  [MobileSpecsInfo.py:101] [MainThread]                 Command Output :                              7
2024-06-19 12:15:53,797 DEBUG    Base.Commands  [Commands.py:97] [MainThread]  Command output - 533000
2024-06-19 12:15:53,797 INFO     SpecsInfo.MobileSpecsInfo  [MobileSpecsInfo.py:96] [MainThread]               Command Executed : adb wait-for-device  shell  cat /sys/devices/system/cpu/cpufreq/policy7/scaling_min_freq
2024-06-19 12:15:53,797 INFO     SpecsInfo.MobileSpecsInfo  [MobileSpecsInfo.py:98] [MainThread]                 Command Status :                        Success
2024-06-19 12:15:53,797 INFO     SpecsInfo.MobileSpecsInfo  [MobileSpecsInfo.py:101] [MainThread]                 Command Output :                         533000
2024-06-19 12:15:53,882 DEBUG    Base.Commands  [Commands.py:97] [MainThread]  Command output - 2912000
2024-06-19 12:15:53,882 INFO     SpecsInfo.MobileSpecsInfo  [MobileSpecsInfo.py:96] [MainThread]               Command Executed : adb wait-for-device  shell  cat /sys/devices/system/cpu/cpufreq/policy7/scaling_max_freq
2024-06-19 12:15:53,882 INFO     SpecsInfo.MobileSpecsInfo  [MobileSpecsInfo.py:98] [MainThread]                 Command Status :                        Success
2024-06-19 12:15:53,883 INFO     SpecsInfo.MobileSpecsInfo  [MobileSpecsInfo.py:101] [MainThread]                 Command Output :                        2912000
2024-06-19 12:15:54,002 DEBUG    Base.Commands  [Commands.py:97] [MainThread]  Command output - 533000
2024-06-19 12:15:54,003 INFO     SpecsInfo.MobileSpecsInfo  [MobileSpecsInfo.py:96] [MainThread]               Command Executed : adb wait-for-device  shell  cat /sys/devices/system/cpu/cpufreq/policy7/scaling_cur_freq
2024-06-19 12:15:54,003 INFO     SpecsInfo.MobileSpecsInfo  [MobileSpecsInfo.py:98] [MainThread]                 Command Status :                        Success
2024-06-19 12:15:54,003 INFO     SpecsInfo.MobileSpecsInfo  [MobileSpecsInfo.py:101] [MainThread]                 Command Output :                         533000
2024-06-19 12:15:54,094 DEBUG    Base.Commands  [Commands.py:97] [MainThread]  Command output - 533000 624000 728000 832000 936000 1040000 1144000 1248000 1352000 1456000 1560000 1664000 1768000 1872000 1976000 2080000 2184000 2288000 2392000 2496000 2600000 2704000 2808000 2912000
2024-06-19 12:15:54,094 INFO     SpecsInfo.MobileSpecsInfo  [MobileSpecsInfo.py:96] [MainThread]               Command Executed : adb wait-for-device  shell  cat /sys/devices/system/cpu/cpufreq/policy7/scaling_available_frequencies
2024-06-19 12:15:54,094 INFO     SpecsInfo.MobileSpecsInfo  [MobileSpecsInfo.py:98] [MainThread]                 Command Status :                        Success
2024-06-19 12:15:54,095 INFO     SpecsInfo.MobileSpecsInfo  [MobileSpecsInfo.py:101] [MainThread]                 Command Output : 533000 624000 728000 832000 936000 1040000 1144000 1248000 1352000 1456000 1560000 1664000 1768000 1872000 1976000 2080000 2184000 2288000 2392000 2496000 2600000 2704000 2808000 2912000
2024-06-19 12:15:54,208 DEBUG    Base.Commands  [Commands.py:97] [MainThread]  Command output - conservative powersave performance energy_step schedutil
2024-06-19 12:15:54,208 INFO     SpecsInfo.MobileSpecsInfo  [MobileSpecsInfo.py:96] [MainThread]               Command Executed : adb wait-for-device  shell  cat /sys/devices/system/cpu/cpufreq/policy7/scaling_available_governors
2024-06-19 12:15:54,208 INFO     SpecsInfo.MobileSpecsInfo  [MobileSpecsInfo.py:98] [MainThread]                 Command Status :                        Success
2024-06-19 12:15:54,208 INFO     SpecsInfo.MobileSpecsInfo  [MobileSpecsInfo.py:101] [MainThread]                 Command Output : conservative powersave performance energy_step schedutil
2024-06-19 12:15:54,304 DEBUG    Base.Commands  [Commands.py:97] [MainThread]  Command output - energy_step
2024-06-19 12:15:54,304 INFO     SpecsInfo.MobileSpecsInfo  [MobileSpecsInfo.py:96] [MainThread]               Command Executed : adb wait-for-device  shell  cat /sys/devices/system/cpu/cpufreq/policy7/scaling_governor
2024-06-19 12:15:54,304 INFO     SpecsInfo.MobileSpecsInfo  [MobileSpecsInfo.py:98] [MainThread]                 Command Status :                        Success
2024-06-19 12:15:54,304 INFO     SpecsInfo.MobileSpecsInfo  [MobileSpecsInfo.py:101] [MainThread]                 Command Output :                    energy_step
2024-06-19 12:15:54,398 DEBUG    Base.Commands  [Commands.py:97] [MainThread]  Command output - 
2024-06-19 12:15:54,398 INFO     SpecsInfo.MobileSpecsInfo  [MobileSpecsInfo.py:96] [MainThread]               Command Executed : adb wait-for-device  shell  cat /sys/devices/system/cpu/cpufreq/policy7/../../offline
2024-06-19 12:15:54,398 INFO     SpecsInfo.MobileSpecsInfo  [MobileSpecsInfo.py:98] [MainThread]                 Command Status :                        Success
2024-06-19 12:15:54,398 INFO     SpecsInfo.MobileSpecsInfo  [MobileSpecsInfo.py:101] [MainThread]                 Command Output :                               
2024-06-19 12:15:54,505 DEBUG    Base.Commands  [Commands.py:97] [MainThread]  Command output - 0-7
2024-06-19 12:15:54,505 INFO     SpecsInfo.MobileSpecsInfo  [MobileSpecsInfo.py:96] [MainThread]               Command Executed : adb wait-for-device  shell  cat /sys/devices/system/cpu/cpufreq/policy7/../../online
2024-06-19 12:15:54,505 INFO     SpecsInfo.MobileSpecsInfo  [MobileSpecsInfo.py:98] [MainThread]                 Command Status :                        Success
2024-06-19 12:15:54,505 INFO     SpecsInfo.MobileSpecsInfo  [MobileSpecsInfo.py:101] [MainThread]                 Command Output :                            0-7
2024-06-19 12:15:54,617 DEBUG    Base.Commands  [Commands.py:97] [MainThread]  Command output - 
2024-06-19 12:15:54,617 INFO     SpecsInfo.MobileSpecsInfo  [MobileSpecsInfo.py:96] [MainThread]               Command Executed : adb wait-for-device  shell  cat /sys/devices/system/cpu/cpufreq/policy7/../../cpu_boost/input_boost_freq
2024-06-19 12:15:54,617 INFO     SpecsInfo.MobileSpecsInfo  [MobileSpecsInfo.py:98] [MainThread]                 Command Status :                        Success
2024-06-19 12:15:54,617 INFO     SpecsInfo.MobileSpecsInfo  [MobileSpecsInfo.py:101] [MainThread]                 Command Output :                               
2024-06-19 12:15:54,719 DEBUG    Base.Commands  [Commands.py:97] [MainThread]  Command output - 1024
2024-06-19 12:15:54,719 INFO     SpecsInfo.MobileSpecsInfo  [MobileSpecsInfo.py:96] [MainThread]               Command Executed : adb wait-for-device  shell  cat /sys/devices/system/cpu/cpufreq/policy7/../../cpu7/cpu_capacity
2024-06-19 12:15:54,719 INFO     SpecsInfo.MobileSpecsInfo  [MobileSpecsInfo.py:98] [MainThread]                 Command Status :                        Success
2024-06-19 12:15:54,720 INFO     SpecsInfo.MobileSpecsInfo  [MobileSpecsInfo.py:101] [MainThread]                 Command Output :                           1024
2024-06-19 12:15:54,838 DEBUG    Base.Commands  [Commands.py:97] [MainThread]  Command output - 
2024-06-19 12:15:54,838 INFO     SpecsInfo.MobileSpecsInfo  [MobileSpecsInfo.py:96] [MainThread]               Command Executed : adb wait-for-device  shell  cat /proc/cpuinfo | grep Processor
2024-06-19 12:15:54,838 INFO     SpecsInfo.MobileSpecsInfo  [MobileSpecsInfo.py:98] [MainThread]                 Command Status :                        Success
2024-06-19 12:15:54,838 INFO     SpecsInfo.MobileSpecsInfo  [MobileSpecsInfo.py:101] [MainThread]                 Command Output :                               
2024-06-19 12:15:54,838 INFO     SpecsInfo.CpuSpecsInfo  [CpuSpecsInfo.py:138] [MainThread]  Core Arch : 
2024-06-19 12:15:54,980 DEBUG    Base.Commands  [Commands.py:97] [MainThread]  Command output - Physical density: 480
2024-06-19 12:15:54,980 INFO     SpecsInfo.MobileSpecsInfo  [MobileSpecsInfo.py:96] [MainThread]               Command Executed : adb wait-for-device  shell  wm  density 
2024-06-19 12:15:54,980 INFO     SpecsInfo.MobileSpecsInfo  [MobileSpecsInfo.py:98] [MainThread]                 Command Status :                        Success
2024-06-19 12:15:54,981 INFO     SpecsInfo.MobileSpecsInfo  [MobileSpecsInfo.py:101] [MainThread]                 Command Output :          Physical density: 480
2024-06-19 12:15:54,983 ERROR    root          [Runner.py:56] [MainThread]  Unexpected error in setup() or execute() :'DisplaySpecsInfo' object has no attribute 'DisplaySpecsInfoDict'
