2024-06-06 15:07:00,831 DEBUG    Base.Commands  [Commands.py:97] [MainThread]  Command output - RZCW31E6X5R
2024-06-06 15:07:00,831 INFO     SpecsInfo.MobileSpecsInfo  [MobileSpecsInfo.py:96] [MainThread]               Command Executed : adb wait-for-device  get-serialno 
2024-06-06 15:07:00,831 INFO     SpecsInfo.MobileSpecsInfo  [MobileSpecsInfo.py:98] [MainThread]                 Command Status :                        Success
2024-06-06 15:07:00,831 INFO     SpecsInfo.MobileSpecsInfo  [MobileSpecsInfo.py:101] [MainThread]                 Command Output :                    RZCW31E6X5R
2024-06-06 15:07:00,859 DEBUG    Base.Commands  [Commands.py:97] [MainThread]  Command output - RZCW31E6X5R
2024-06-06 15:07:00,859 INFO     SpecsInfo.MobileSpecsInfo  [MobileSpecsInfo.py:96] [MainThread]               Command Executed : adb wait-for-device  get-serialno 
2024-06-06 15:07:00,859 INFO     SpecsInfo.MobileSpecsInfo  [MobileSpecsInfo.py:98] [MainThread]                 Command Status :                        Success
2024-06-06 15:07:00,859 INFO     SpecsInfo.MobileSpecsInfo  [MobileSpecsInfo.py:101] [MainThread]                 Command Output :                    RZCW31E6X5R
2024-06-06 15:07:00,956 DEBUG    Base.Commands  [Commands.py:97] [MainThread]  Command output - universal2100_r
2024-06-06 15:07:00,956 INFO     SpecsInfo.MobileSpecsInfo  [MobileSpecsInfo.py:96] [MainThread]               Command Executed : adb wait-for-device  shell  getprop  ro.board.platform 
2024-06-06 15:07:00,956 INFO     SpecsInfo.MobileSpecsInfo  [MobileSpecsInfo.py:98] [MainThread]                 Command Status :                        Success
2024-06-06 15:07:00,956 INFO     SpecsInfo.MobileSpecsInfo  [MobileSpecsInfo.py:101] [MainThread]                 Command Output :                universal2100_r
2024-06-06 15:07:01,052 DEBUG    Base.Commands  [Commands.py:97] [MainThread]  Command output - samsung
2024-06-06 15:07:01,052 INFO     SpecsInfo.MobileSpecsInfo  [MobileSpecsInfo.py:96] [MainThread]               Command Executed : adb wait-for-device  shell  getprop  ro.product.manufacturer 
2024-06-06 15:07:01,052 INFO     SpecsInfo.MobileSpecsInfo  [MobileSpecsInfo.py:98] [MainThread]                 Command Status :                        Success
2024-06-06 15:07:01,052 INFO     SpecsInfo.MobileSpecsInfo  [MobileSpecsInfo.py:101] [MainThread]                 Command Output :                        samsung
2024-06-06 15:07:01,141 DEBUG    Base.Commands  [Commands.py:97] [MainThread]  Command output - Samsung
2024-06-06 15:07:01,141 INFO     SpecsInfo.MobileSpecsInfo  [MobileSpecsInfo.py:96] [MainThread]               Command Executed : adb wait-for-device  shell  getprop  ro.soc.manufacturer 
2024-06-06 15:07:01,141 INFO     SpecsInfo.MobileSpecsInfo  [MobileSpecsInfo.py:98] [MainThread]                 Command Status :                        Success
2024-06-06 15:07:01,141 INFO     SpecsInfo.MobileSpecsInfo  [MobileSpecsInfo.py:101] [MainThread]                 Command Output :                        Samsung
2024-06-06 15:07:01,211 DEBUG    Base.Commands  [Commands.py:97] [MainThread]  Command output - Exynos 2100
2024-06-06 15:07:01,211 INFO     SpecsInfo.MobileSpecsInfo  [MobileSpecsInfo.py:96] [MainThread]               Command Executed : adb wait-for-device  shell  getprop  ro.soc.model 
2024-06-06 15:07:01,211 INFO     SpecsInfo.MobileSpecsInfo  [MobileSpecsInfo.py:98] [MainThread]                 Command Status :                        Success
2024-06-06 15:07:01,211 INFO     SpecsInfo.MobileSpecsInfo  [MobileSpecsInfo.py:101] [MainThread]                 Command Output :                    Exynos 2100
2024-06-06 15:07:01,292 DEBUG    Base.Commands  [Commands.py:97] [MainThread]  Command output - unknown
2024-06-06 15:07:01,292 INFO     SpecsInfo.MobileSpecsInfo  [MobileSpecsInfo.py:96] [MainThread]               Command Executed : adb wait-for-device  shell  getprop  ro.baseband 
2024-06-06 15:07:01,292 INFO     SpecsInfo.MobileSpecsInfo  [MobileSpecsInfo.py:98] [MainThread]                 Command Status :                        Success
2024-06-06 15:07:01,292 INFO     SpecsInfo.MobileSpecsInfo  [MobileSpecsInfo.py:101] [MainThread]                 Command Output :                        unknown
2024-06-06 15:07:01,375 DEBUG    Base.Commands  [Commands.py:97] [MainThread]  Command output - dsds
2024-06-06 15:07:01,375 INFO     SpecsInfo.MobileSpecsInfo  [MobileSpecsInfo.py:96] [MainThread]               Command Executed : adb wait-for-device  shell  getprop  persist.radio.multisim.config 
2024-06-06 15:07:01,375 INFO     SpecsInfo.MobileSpecsInfo  [MobileSpecsInfo.py:98] [MainThread]                 Command Status :                        Success
2024-06-06 15:07:01,375 INFO     SpecsInfo.MobileSpecsInfo  [MobileSpecsInfo.py:101] [MainThread]                 Command Output :                           dsds
2024-06-06 15:07:01,442 DEBUG    Base.Commands  [Commands.py:97] [MainThread]  Command output - mali
2024-06-06 15:07:01,442 INFO     SpecsInfo.MobileSpecsInfo  [MobileSpecsInfo.py:96] [MainThread]               Command Executed : adb wait-for-device  shell  getprop  ro.hardware.egl 
2024-06-06 15:07:01,442 INFO     SpecsInfo.MobileSpecsInfo  [MobileSpecsInfo.py:98] [MainThread]                 Command Status :                        Success
2024-06-06 15:07:01,442 INFO     SpecsInfo.MobileSpecsInfo  [MobileSpecsInfo.py:101] [MainThread]                 Command Output :                           mali
2024-06-06 15:07:01,514 DEBUG    Base.Commands  [Commands.py:97] [MainThread]  Command output - 
2024-06-06 15:07:01,514 INFO     SpecsInfo.MobileSpecsInfo  [MobileSpecsInfo.py:96] [MainThread]               Command Executed : adb wait-for-device  shell  getprop  ro.hardware.nfc_nci 
2024-06-06 15:07:01,514 INFO     SpecsInfo.MobileSpecsInfo  [MobileSpecsInfo.py:98] [MainThread]                 Command Status :                        Success
2024-06-06 15:07:01,514 INFO     SpecsInfo.MobileSpecsInfo  [MobileSpecsInfo.py:101] [MainThread]                 Command Output :                               
2024-06-06 15:07:01,628 DEBUG    Base.Commands  [Commands.py:97] [MainThread]  Command output - Physical size: 1080x2340
2024-06-06 15:07:01,628 INFO     SpecsInfo.MobileSpecsInfo  [MobileSpecsInfo.py:96] [MainThread]               Command Executed : adb wait-for-device  shell  wm  size 
2024-06-06 15:07:01,628 INFO     SpecsInfo.MobileSpecsInfo  [MobileSpecsInfo.py:98] [MainThread]                 Command Status :                        Success
2024-06-06 15:07:01,628 INFO     SpecsInfo.MobileSpecsInfo  [MobileSpecsInfo.py:101] [MainThread]                 Command Output :       Physical size: 1080x2340
2024-06-06 15:07:01,742 DEBUG    Base.Commands  [Commands.py:97] [MainThread]  Command output - Physical density: 480
Override density: 420
2024-06-06 15:07:01,742 INFO     SpecsInfo.MobileSpecsInfo  [MobileSpecsInfo.py:96] [MainThread]               Command Executed : adb wait-for-device  shell  wm  density 
2024-06-06 15:07:01,742 INFO     SpecsInfo.MobileSpecsInfo  [MobileSpecsInfo.py:98] [MainThread]                 Command Status :                        Success
2024-06-06 15:07:01,742 INFO     SpecsInfo.MobileSpecsInfo  [MobileSpecsInfo.py:101] [MainThread]                 Command Output : Physical density: 480
Override density: 420
2024-06-06 15:07:01,866 DEBUG    Base.Commands  [Commands.py:97] [MainThread]  Command output - lock 0
2024-06-06 15:07:01,866 INFO     SpecsInfo.MobileSpecsInfo  [MobileSpecsInfo.py:96] [MainThread]               Command Executed : adb wait-for-device  shell  wm  user-rotation 
2024-06-06 15:07:01,866 INFO     SpecsInfo.MobileSpecsInfo  [MobileSpecsInfo.py:98] [MainThread]                 Command Status :                        Success
2024-06-06 15:07:01,866 INFO     SpecsInfo.MobileSpecsInfo  [MobileSpecsInfo.py:101] [MainThread]                 Command Output :                         lock 0
2024-06-06 15:07:01,991 DEBUG    Base.Commands  [Commands.py:97] [MainThread]  Command output - Supports non-resizable in multi window: -1
Respects activity min width/height in multi window: 0
2024-06-06 15:07:01,991 INFO     SpecsInfo.MobileSpecsInfo  [MobileSpecsInfo.py:96] [MainThread]               Command Executed : adb wait-for-device  shell  wm  get-multi-window-config 
2024-06-06 15:07:01,992 INFO     SpecsInfo.MobileSpecsInfo  [MobileSpecsInfo.py:98] [MainThread]                 Command Status :                        Success
2024-06-06 15:07:01,992 INFO     SpecsInfo.MobileSpecsInfo  [MobileSpecsInfo.py:101] [MainThread]                 Command Output : Supports non-resizable in multi window: -1
Respects activity min width/height in multi window: 0
