2024-06-19 12:18:26,256 DEBUG    Base.Commands  [Commands.py:97] [MainThread]  Command output - RZCW31E6X5R
2024-06-19 12:18:26,256 INFO     SpecsInfo.MobileSpecsInfo  [MobileSpecsInfo.py:96] [MainThread]               Command Executed : adb wait-for-device  get-serialno 
2024-06-19 12:18:26,256 INFO     SpecsInfo.MobileSpecsInfo  [MobileSpecsInfo.py:98] [MainThread]                 Command Status :                        Success
2024-06-19 12:18:26,256 INFO     SpecsInfo.MobileSpecsInfo  [MobileSpecsInfo.py:101] [MainThread]                 Command Output :                    RZCW31E6X5R
2024-06-19 12:18:26,296 DEBUG    Base.Commands  [Commands.py:97] [MainThread]  Command output - RZCW31E6X5R
2024-06-19 12:18:26,296 INFO     SpecsInfo.MobileSpecsInfo  [MobileSpecsInfo.py:96] [MainThread]               Command Executed : adb wait-for-device  get-serialno 
2024-06-19 12:18:26,296 INFO     SpecsInfo.MobileSpecsInfo  [MobileSpecsInfo.py:98] [MainThread]                 Command Status :                        Success
2024-06-19 12:18:26,296 INFO     SpecsInfo.MobileSpecsInfo  [MobileSpecsInfo.py:101] [MainThread]                 Command Output :                    RZCW31E6X5R
2024-06-19 12:18:26,394 DEBUG    Base.Commands  [Commands.py:97] [MainThread]  Command output - universal2100_r
2024-06-19 12:18:26,395 INFO     SpecsInfo.MobileSpecsInfo  [MobileSpecsInfo.py:96] [MainThread]               Command Executed : adb wait-for-device  shell  getprop  ro.board.platform 
2024-06-19 12:18:26,395 INFO     SpecsInfo.MobileSpecsInfo  [MobileSpecsInfo.py:98] [MainThread]                 Command Status :                        Success
2024-06-19 12:18:26,395 INFO     SpecsInfo.MobileSpecsInfo  [MobileSpecsInfo.py:101] [MainThread]                 Command Output :                universal2100_r
2024-06-19 12:18:26,500 DEBUG    Base.Commands  [Commands.py:97] [MainThread]  Command output - samsung
2024-06-19 12:18:26,500 INFO     SpecsInfo.MobileSpecsInfo  [MobileSpecsInfo.py:96] [MainThread]               Command Executed : adb wait-for-device  shell  getprop  ro.product.manufacturer 
2024-06-19 12:18:26,500 INFO     SpecsInfo.MobileSpecsInfo  [MobileSpecsInfo.py:98] [MainThread]                 Command Status :                        Success
2024-06-19 12:18:26,500 INFO     SpecsInfo.MobileSpecsInfo  [MobileSpecsInfo.py:101] [MainThread]                 Command Output :                        samsung
2024-06-19 12:18:26,595 DEBUG    Base.Commands  [Commands.py:97] [MainThread]  Command output - Samsung
2024-06-19 12:18:26,595 INFO     SpecsInfo.MobileSpecsInfo  [MobileSpecsInfo.py:96] [MainThread]               Command Executed : adb wait-for-device  shell  getprop  ro.soc.manufacturer 
2024-06-19 12:18:26,596 INFO     SpecsInfo.MobileSpecsInfo  [MobileSpecsInfo.py:98] [MainThread]                 Command Status :                        Success
2024-06-19 12:18:26,596 INFO     SpecsInfo.MobileSpecsInfo  [MobileSpecsInfo.py:101] [MainThread]                 Command Output :                        Samsung
2024-06-19 12:18:26,693 DEBUG    Base.Commands  [Commands.py:97] [MainThread]  Command output - Exynos 2100
2024-06-19 12:18:26,693 INFO     SpecsInfo.MobileSpecsInfo  [MobileSpecsInfo.py:96] [MainThread]               Command Executed : adb wait-for-device  shell  getprop  ro.soc.model 
2024-06-19 12:18:26,693 INFO     SpecsInfo.MobileSpecsInfo  [MobileSpecsInfo.py:98] [MainThread]                 Command Status :                        Success
2024-06-19 12:18:26,693 INFO     SpecsInfo.MobileSpecsInfo  [MobileSpecsInfo.py:101] [MainThread]                 Command Output :                    Exynos 2100
2024-06-19 12:18:26,792 DEBUG    Base.Commands  [Commands.py:97] [MainThread]  Command output - unknown
2024-06-19 12:18:26,793 INFO     SpecsInfo.MobileSpecsInfo  [MobileSpecsInfo.py:96] [MainThread]               Command Executed : adb wait-for-device  shell  getprop  ro.baseband 
2024-06-19 12:18:26,793 INFO     SpecsInfo.MobileSpecsInfo  [MobileSpecsInfo.py:98] [MainThread]                 Command Status :                        Success
2024-06-19 12:18:26,793 INFO     SpecsInfo.MobileSpecsInfo  [MobileSpecsInfo.py:101] [MainThread]                 Command Output :                        unknown
2024-06-19 12:18:26,892 DEBUG    Base.Commands  [Commands.py:97] [MainThread]  Command output - dsds
2024-06-19 12:18:26,892 INFO     SpecsInfo.MobileSpecsInfo  [MobileSpecsInfo.py:96] [MainThread]               Command Executed : adb wait-for-device  shell  getprop  persist.radio.multisim.config 
2024-06-19 12:18:26,892 INFO     SpecsInfo.MobileSpecsInfo  [MobileSpecsInfo.py:98] [MainThread]                 Command Status :                        Success
2024-06-19 12:18:26,892 INFO     SpecsInfo.MobileSpecsInfo  [MobileSpecsInfo.py:101] [MainThread]                 Command Output :                           dsds
2024-06-19 12:18:26,994 DEBUG    Base.Commands  [Commands.py:97] [MainThread]  Command output - mali
2024-06-19 12:18:26,995 INFO     SpecsInfo.MobileSpecsInfo  [MobileSpecsInfo.py:96] [MainThread]               Command Executed : adb wait-for-device  shell  getprop  ro.hardware.egl 
2024-06-19 12:18:26,995 INFO     SpecsInfo.MobileSpecsInfo  [MobileSpecsInfo.py:98] [MainThread]                 Command Status :                        Success
2024-06-19 12:18:26,995 INFO     SpecsInfo.MobileSpecsInfo  [MobileSpecsInfo.py:101] [MainThread]                 Command Output :                           mali
2024-06-19 12:18:27,105 DEBUG    Base.Commands  [Commands.py:97] [MainThread]  Command output - 
2024-06-19 12:18:27,105 INFO     SpecsInfo.MobileSpecsInfo  [MobileSpecsInfo.py:96] [MainThread]               Command Executed : adb wait-for-device  shell  getprop  ro.hardware.nfc_nci 
2024-06-19 12:18:27,105 INFO     SpecsInfo.MobileSpecsInfo  [MobileSpecsInfo.py:98] [MainThread]                 Command Status :                        Success
2024-06-19 12:18:27,105 INFO     SpecsInfo.MobileSpecsInfo  [MobileSpecsInfo.py:101] [MainThread]                 Command Output :                               
2024-06-19 12:18:27,244 DEBUG    Base.Commands  [Commands.py:97] [MainThread]  Command output - Physical size: 1080x2340
2024-06-19 12:18:27,245 INFO     SpecsInfo.MobileSpecsInfo  [MobileSpecsInfo.py:96] [MainThread]               Command Executed : adb wait-for-device  shell  wm  size 
2024-06-19 12:18:27,245 INFO     SpecsInfo.MobileSpecsInfo  [MobileSpecsInfo.py:98] [MainThread]                 Command Status :                        Success
2024-06-19 12:18:27,245 INFO     SpecsInfo.MobileSpecsInfo  [MobileSpecsInfo.py:101] [MainThread]                 Command Output :       Physical size: 1080x2340
2024-06-19 12:18:27,387 DEBUG    Base.Commands  [Commands.py:97] [MainThread]  Command output - Physical density: 480
2024-06-19 12:18:27,388 INFO     SpecsInfo.MobileSpecsInfo  [MobileSpecsInfo.py:96] [MainThread]               Command Executed : adb wait-for-device  shell  wm  density 
2024-06-19 12:18:27,388 INFO     SpecsInfo.MobileSpecsInfo  [MobileSpecsInfo.py:98] [MainThread]                 Command Status :                        Success
2024-06-19 12:18:27,388 INFO     SpecsInfo.MobileSpecsInfo  [MobileSpecsInfo.py:101] [MainThread]                 Command Output :          Physical density: 480
2024-06-19 12:18:27,522 DEBUG    Base.Commands  [Commands.py:97] [MainThread]  Command output - lock 0
2024-06-19 12:18:27,522 INFO     SpecsInfo.MobileSpecsInfo  [MobileSpecsInfo.py:96] [MainThread]               Command Executed : adb wait-for-device  shell  wm  user-rotation 
2024-06-19 12:18:27,522 INFO     SpecsInfo.MobileSpecsInfo  [MobileSpecsInfo.py:98] [MainThread]                 Command Status :                        Success
2024-06-19 12:18:27,523 INFO     SpecsInfo.MobileSpecsInfo  [MobileSpecsInfo.py:101] [MainThread]                 Command Output :                         lock 0
2024-06-19 12:18:27,653 DEBUG    Base.Commands  [Commands.py:97] [MainThread]  Command output - Supports non-resizable in multi window: -1
Respects activity min width/height in multi window: 0
2024-06-19 12:18:27,653 INFO     SpecsInfo.MobileSpecsInfo  [MobileSpecsInfo.py:96] [MainThread]               Command Executed : adb wait-for-device  shell  wm  get-multi-window-config 
2024-06-19 12:18:27,653 INFO     SpecsInfo.MobileSpecsInfo  [MobileSpecsInfo.py:98] [MainThread]                 Command Status :                        Success
2024-06-19 12:18:27,653 INFO     SpecsInfo.MobileSpecsInfo  [MobileSpecsInfo.py:101] [MainThread]                 Command Output : Supports non-resizable in multi window: -1
Respects activity min width/height in multi window: 0
2024-06-19 12:18:27,702 DEBUG    Base.Commands  [Commands.py:97] [MainThread]  Command output - Android Debug Bridge version 1.0.41
Version 35.0.1-11580240
Installed as C:\Users\sachi\AppData\Local\Android\Sdk\platform-tools\adb.exe
Running on Windows 10.0.26120
2024-06-19 12:18:27,702 INFO     SpecsInfo.MobileSpecsInfo  [MobileSpecsInfo.py:96] [MainThread]               Command Executed :  adb wait-for-device  version 
2024-06-19 12:18:27,703 INFO     SpecsInfo.MobileSpecsInfo  [MobileSpecsInfo.py:98] [MainThread]                 Command Status :                        Success
2024-06-19 12:18:27,703 INFO     SpecsInfo.MobileSpecsInfo  [MobileSpecsInfo.py:101] [MainThread]                 Command Output : Android Debug Bridge version 1.0.41
Version 35.0.1-11580240
Installed as C:\Users\sachi\AppData\Local\Android\Sdk\platform-tools\adb.exe
Running on Windows 10.0.26120
2024-06-19 12:18:27,801 DEBUG    Base.Commands  [Commands.py:97] [MainThread]  Command output - 14
2024-06-19 12:18:27,801 INFO     SpecsInfo.MobileSpecsInfo  [MobileSpecsInfo.py:96] [MainThread]               Command Executed : adb wait-for-device  shell  getprop  ro.build.version.release 
2024-06-19 12:18:27,801 INFO     SpecsInfo.MobileSpecsInfo  [MobileSpecsInfo.py:98] [MainThread]                 Command Status :                        Success
2024-06-19 12:18:27,801 INFO     SpecsInfo.MobileSpecsInfo  [MobileSpecsInfo.py:101] [MainThread]                 Command Output :                             14
2024-06-19 12:18:27,889 DEBUG    Base.Commands  [Commands.py:97] [MainThread]  Command output - 5.4
2024-06-19 12:18:27,889 INFO     SpecsInfo.MobileSpecsInfo  [MobileSpecsInfo.py:96] [MainThread]               Command Executed : adb wait-for-device  shell  getprop  ro.kernel.version 
2024-06-19 12:18:27,889 INFO     SpecsInfo.MobileSpecsInfo  [MobileSpecsInfo.py:98] [MainThread]                 Command Status :                        Success
2024-06-19 12:18:27,889 INFO     SpecsInfo.MobileSpecsInfo  [MobileSpecsInfo.py:101] [MainThread]                 Command Output :                            5.4
2024-06-19 12:18:28,009 DEBUG    Base.Commands  [Commands.py:97] [MainThread]  Command output - 34
2024-06-19 12:18:28,009 INFO     SpecsInfo.MobileSpecsInfo  [MobileSpecsInfo.py:96] [MainThread]               Command Executed : adb wait-for-device  shell  getprop  ro.build.version.sdk 
2024-06-19 12:18:28,009 INFO     SpecsInfo.MobileSpecsInfo  [MobileSpecsInfo.py:98] [MainThread]                 Command Status :                        Success
2024-06-19 12:18:28,009 INFO     SpecsInfo.MobileSpecsInfo  [MobileSpecsInfo.py:101] [MainThread]                 Command Output :                             34
2024-06-19 12:18:28,106 DEBUG    Base.Commands  [Commands.py:97] [MainThread]  Command output - 34
2024-06-19 12:18:28,106 INFO     SpecsInfo.MobileSpecsInfo  [MobileSpecsInfo.py:96] [MainThread]               Command Executed : adb wait-for-device  shell  getprop  ro.product.build.version.sdk 
2024-06-19 12:18:28,107 INFO     SpecsInfo.MobileSpecsInfo  [MobileSpecsInfo.py:98] [MainThread]                 Command Status :                        Success
2024-06-19 12:18:28,107 INFO     SpecsInfo.MobileSpecsInfo  [MobileSpecsInfo.py:101] [MainThread]                 Command Output :                             34
2024-06-19 12:18:28,212 DEBUG    Base.Commands  [Commands.py:97] [MainThread]  Command output - 34
2024-06-19 12:18:28,212 INFO     SpecsInfo.MobileSpecsInfo  [MobileSpecsInfo.py:96] [MainThread]               Command Executed : adb wait-for-device  shell  getprop  ro.system.build.version.sdk 
2024-06-19 12:18:28,212 INFO     SpecsInfo.MobileSpecsInfo  [MobileSpecsInfo.py:98] [MainThread]                 Command Status :                        Success
2024-06-19 12:18:28,212 INFO     SpecsInfo.MobileSpecsInfo  [MobileSpecsInfo.py:101] [MainThread]                 Command Output :                             34
2024-06-19 12:18:28,310 DEBUG    Base.Commands  [Commands.py:97] [MainThread]  Command output - 30
2024-06-19 12:18:28,312 INFO     SpecsInfo.MobileSpecsInfo  [MobileSpecsInfo.py:96] [MainThread]               Command Executed : adb wait-for-device  shell  getprop  ro.vendor.build.version.sdk 
2024-06-19 12:18:28,312 INFO     SpecsInfo.MobileSpecsInfo  [MobileSpecsInfo.py:98] [MainThread]                 Command Status :                        Success
2024-06-19 12:18:28,312 INFO     SpecsInfo.MobileSpecsInfo  [MobileSpecsInfo.py:101] [MainThread]                 Command Output :                             30
2024-06-19 12:18:28,431 DEBUG    Base.Commands  [Commands.py:97] [MainThread]  Command output - policy0
policy4
policy7
2024-06-19 12:18:28,431 INFO     SpecsInfo.MobileSpecsInfo  [MobileSpecsInfo.py:96] [MainThread]               Command Executed : adb wait-for-device  shell  ls /sys/devices/system/cpu/cpufreq
2024-06-19 12:18:28,431 INFO     SpecsInfo.MobileSpecsInfo  [MobileSpecsInfo.py:98] [MainThread]                 Command Status :                        Success
2024-06-19 12:18:28,431 INFO     SpecsInfo.MobileSpecsInfo  [MobileSpecsInfo.py:101] [MainThread]                 Command Output :      policy0
policy4
policy7
2024-06-19 12:18:28,506 DEBUG    Base.Commands  [Commands.py:97] [MainThread]  Command output - 0 1 2 3
2024-06-19 12:18:28,506 INFO     SpecsInfo.MobileSpecsInfo  [MobileSpecsInfo.py:96] [MainThread]               Command Executed : adb wait-for-device  shell  cat /sys/devices/system/cpu/cpufreq/policy0/related_cpus
2024-06-19 12:18:28,506 INFO     SpecsInfo.MobileSpecsInfo  [MobileSpecsInfo.py:98] [MainThread]                 Command Status :                        Success
2024-06-19 12:18:28,506 INFO     SpecsInfo.MobileSpecsInfo  [MobileSpecsInfo.py:101] [MainThread]                 Command Output :                        0 1 2 3
2024-06-19 12:18:28,589 DEBUG    Base.Commands  [Commands.py:97] [MainThread]  Command output - 400000
2024-06-19 12:18:28,589 INFO     SpecsInfo.MobileSpecsInfo  [MobileSpecsInfo.py:96] [MainThread]               Command Executed : adb wait-for-device  shell  cat /sys/devices/system/cpu/cpufreq/policy0/scaling_min_freq
2024-06-19 12:18:28,589 INFO     SpecsInfo.MobileSpecsInfo  [MobileSpecsInfo.py:98] [MainThread]                 Command Status :                        Success
2024-06-19 12:18:28,590 INFO     SpecsInfo.MobileSpecsInfo  [MobileSpecsInfo.py:101] [MainThread]                 Command Output :                         400000
2024-06-19 12:18:28,714 DEBUG    Base.Commands  [Commands.py:97] [MainThread]  Command output - 2210000
2024-06-19 12:18:28,714 INFO     SpecsInfo.MobileSpecsInfo  [MobileSpecsInfo.py:96] [MainThread]               Command Executed : adb wait-for-device  shell  cat /sys/devices/system/cpu/cpufreq/policy0/scaling_max_freq
2024-06-19 12:18:28,714 INFO     SpecsInfo.MobileSpecsInfo  [MobileSpecsInfo.py:98] [MainThread]                 Command Status :                        Success
2024-06-19 12:18:28,714 INFO     SpecsInfo.MobileSpecsInfo  [MobileSpecsInfo.py:101] [MainThread]                 Command Output :                        2210000
2024-06-19 12:18:28,812 DEBUG    Base.Commands  [Commands.py:97] [MainThread]  Command output - 1274000
2024-06-19 12:18:28,812 INFO     SpecsInfo.MobileSpecsInfo  [MobileSpecsInfo.py:96] [MainThread]               Command Executed : adb wait-for-device  shell  cat /sys/devices/system/cpu/cpufreq/policy0/scaling_cur_freq
2024-06-19 12:18:28,812 INFO     SpecsInfo.MobileSpecsInfo  [MobileSpecsInfo.py:98] [MainThread]                 Command Status :                        Success
2024-06-19 12:18:28,812 INFO     SpecsInfo.MobileSpecsInfo  [MobileSpecsInfo.py:101] [MainThread]                 Command Output :                        1274000
2024-06-19 12:18:28,921 DEBUG    Base.Commands  [Commands.py:97] [MainThread]  Command output - 400000 533000 650000 754000 858000 962000 1066000 1170000 1274000 1378000 1482000 1586000 1690000 1794000 1898000 2002000 2106000 2210000
2024-06-19 12:18:28,921 INFO     SpecsInfo.MobileSpecsInfo  [MobileSpecsInfo.py:96] [MainThread]               Command Executed : adb wait-for-device  shell  cat /sys/devices/system/cpu/cpufreq/policy0/scaling_available_frequencies
2024-06-19 12:18:28,921 INFO     SpecsInfo.MobileSpecsInfo  [MobileSpecsInfo.py:98] [MainThread]                 Command Status :                        Success
2024-06-19 12:18:28,921 INFO     SpecsInfo.MobileSpecsInfo  [MobileSpecsInfo.py:101] [MainThread]                 Command Output : 400000 533000 650000 754000 858000 962000 1066000 1170000 1274000 1378000 1482000 1586000 1690000 1794000 1898000 2002000 2106000 2210000
2024-06-19 12:18:29,010 DEBUG    Base.Commands  [Commands.py:97] [MainThread]  Command output - conservative powersave performance energy_step schedutil
2024-06-19 12:18:29,010 INFO     SpecsInfo.MobileSpecsInfo  [MobileSpecsInfo.py:96] [MainThread]               Command Executed : adb wait-for-device  shell  cat /sys/devices/system/cpu/cpufreq/policy0/scaling_available_governors
2024-06-19 12:18:29,010 INFO     SpecsInfo.MobileSpecsInfo  [MobileSpecsInfo.py:98] [MainThread]                 Command Status :                        Success
2024-06-19 12:18:29,011 INFO     SpecsInfo.MobileSpecsInfo  [MobileSpecsInfo.py:101] [MainThread]                 Command Output : conservative powersave performance energy_step schedutil
2024-06-19 12:18:29,111 DEBUG    Base.Commands  [Commands.py:97] [MainThread]  Command output - energy_step
2024-06-19 12:18:29,111 INFO     SpecsInfo.MobileSpecsInfo  [MobileSpecsInfo.py:96] [MainThread]               Command Executed : adb wait-for-device  shell  cat /sys/devices/system/cpu/cpufreq/policy0/scaling_governor
2024-06-19 12:18:29,111 INFO     SpecsInfo.MobileSpecsInfo  [MobileSpecsInfo.py:98] [MainThread]                 Command Status :                        Success
2024-06-19 12:18:29,111 INFO     SpecsInfo.MobileSpecsInfo  [MobileSpecsInfo.py:101] [MainThread]                 Command Output :                    energy_step
2024-06-19 12:18:29,200 DEBUG    Base.Commands  [Commands.py:97] [MainThread]  Command output - 
2024-06-19 12:18:29,200 INFO     SpecsInfo.MobileSpecsInfo  [MobileSpecsInfo.py:96] [MainThread]               Command Executed : adb wait-for-device  shell  cat /sys/devices/system/cpu/cpufreq/policy0/../../offline
2024-06-19 12:18:29,200 INFO     SpecsInfo.MobileSpecsInfo  [MobileSpecsInfo.py:98] [MainThread]                 Command Status :                        Success
2024-06-19 12:18:29,200 INFO     SpecsInfo.MobileSpecsInfo  [MobileSpecsInfo.py:101] [MainThread]                 Command Output :                               
2024-06-19 12:18:29,278 DEBUG    Base.Commands  [Commands.py:97] [MainThread]  Command output - 0-7
2024-06-19 12:18:29,278 INFO     SpecsInfo.MobileSpecsInfo  [MobileSpecsInfo.py:96] [MainThread]               Command Executed : adb wait-for-device  shell  cat /sys/devices/system/cpu/cpufreq/policy0/../../online
2024-06-19 12:18:29,278 INFO     SpecsInfo.MobileSpecsInfo  [MobileSpecsInfo.py:98] [MainThread]                 Command Status :                        Success
2024-06-19 12:18:29,278 INFO     SpecsInfo.MobileSpecsInfo  [MobileSpecsInfo.py:101] [MainThread]                 Command Output :                            0-7
2024-06-19 12:18:29,366 DEBUG    Base.Commands  [Commands.py:97] [MainThread]  Command output - 
2024-06-19 12:18:29,366 INFO     SpecsInfo.MobileSpecsInfo  [MobileSpecsInfo.py:96] [MainThread]               Command Executed : adb wait-for-device  shell  cat /sys/devices/system/cpu/cpufreq/policy0/../../cpu_boost/input_boost_freq
2024-06-19 12:18:29,366 INFO     SpecsInfo.MobileSpecsInfo  [MobileSpecsInfo.py:98] [MainThread]                 Command Status :                        Success
2024-06-19 12:18:29,367 INFO     SpecsInfo.MobileSpecsInfo  [MobileSpecsInfo.py:101] [MainThread]                 Command Output :                               
2024-06-19 12:18:29,465 DEBUG    Base.Commands  [Commands.py:97] [MainThread]  Command output - 202
2024-06-19 12:18:29,465 INFO     SpecsInfo.MobileSpecsInfo  [MobileSpecsInfo.py:96] [MainThread]               Command Executed : adb wait-for-device  shell  cat /sys/devices/system/cpu/cpufreq/policy0/../../cpu0/cpu_capacity
2024-06-19 12:18:29,465 INFO     SpecsInfo.MobileSpecsInfo  [MobileSpecsInfo.py:98] [MainThread]                 Command Status :                        Success
2024-06-19 12:18:29,465 INFO     SpecsInfo.MobileSpecsInfo  [MobileSpecsInfo.py:101] [MainThread]                 Command Output :                            202
2024-06-19 12:18:29,572 DEBUG    Base.Commands  [Commands.py:97] [MainThread]  Command output - 
2024-06-19 12:18:29,572 INFO     SpecsInfo.MobileSpecsInfo  [MobileSpecsInfo.py:96] [MainThread]               Command Executed : adb wait-for-device  shell  cat /proc/cpuinfo | grep Processor
2024-06-19 12:18:29,572 INFO     SpecsInfo.MobileSpecsInfo  [MobileSpecsInfo.py:98] [MainThread]                 Command Status :                        Success
2024-06-19 12:18:29,572 INFO     SpecsInfo.MobileSpecsInfo  [MobileSpecsInfo.py:101] [MainThread]                 Command Output :                               
2024-06-19 12:18:29,572 INFO     SpecsInfo.CpuSpecsInfo  [CpuSpecsInfo.py:138] [MainThread]  Core Arch : 
2024-06-19 12:18:29,676 DEBUG    Base.Commands  [Commands.py:97] [MainThread]  Command output - 4 5 6
2024-06-19 12:18:29,676 INFO     SpecsInfo.MobileSpecsInfo  [MobileSpecsInfo.py:96] [MainThread]               Command Executed : adb wait-for-device  shell  cat /sys/devices/system/cpu/cpufreq/policy4/related_cpus
2024-06-19 12:18:29,676 INFO     SpecsInfo.MobileSpecsInfo  [MobileSpecsInfo.py:98] [MainThread]                 Command Status :                        Success
2024-06-19 12:18:29,676 INFO     SpecsInfo.MobileSpecsInfo  [MobileSpecsInfo.py:101] [MainThread]                 Command Output :                          4 5 6
2024-06-19 12:18:29,756 DEBUG    Base.Commands  [Commands.py:97] [MainThread]  Command output - 533000
2024-06-19 12:18:29,756 INFO     SpecsInfo.MobileSpecsInfo  [MobileSpecsInfo.py:96] [MainThread]               Command Executed : adb wait-for-device  shell  cat /sys/devices/system/cpu/cpufreq/policy4/scaling_min_freq
2024-06-19 12:18:29,757 INFO     SpecsInfo.MobileSpecsInfo  [MobileSpecsInfo.py:98] [MainThread]                 Command Status :                        Success
2024-06-19 12:18:29,757 INFO     SpecsInfo.MobileSpecsInfo  [MobileSpecsInfo.py:101] [MainThread]                 Command Output :                         533000
2024-06-19 12:18:29,847 DEBUG    Base.Commands  [Commands.py:97] [MainThread]  Command output - 2808000
2024-06-19 12:18:29,847 INFO     SpecsInfo.MobileSpecsInfo  [MobileSpecsInfo.py:96] [MainThread]               Command Executed : adb wait-for-device  shell  cat /sys/devices/system/cpu/cpufreq/policy4/scaling_max_freq
2024-06-19 12:18:29,847 INFO     SpecsInfo.MobileSpecsInfo  [MobileSpecsInfo.py:98] [MainThread]                 Command Status :                        Success
2024-06-19 12:18:29,847 INFO     SpecsInfo.MobileSpecsInfo  [MobileSpecsInfo.py:101] [MainThread]                 Command Output :                        2808000
2024-06-19 12:18:29,950 DEBUG    Base.Commands  [Commands.py:97] [MainThread]  Command output - 1664000
2024-06-19 12:18:29,950 INFO     SpecsInfo.MobileSpecsInfo  [MobileSpecsInfo.py:96] [MainThread]               Command Executed : adb wait-for-device  shell  cat /sys/devices/system/cpu/cpufreq/policy4/scaling_cur_freq
2024-06-19 12:18:29,950 INFO     SpecsInfo.MobileSpecsInfo  [MobileSpecsInfo.py:98] [MainThread]                 Command Status :                        Success
2024-06-19 12:18:29,950 INFO     SpecsInfo.MobileSpecsInfo  [MobileSpecsInfo.py:101] [MainThread]                 Command Output :                        1664000
2024-06-19 12:18:30,042 DEBUG    Base.Commands  [Commands.py:97] [MainThread]  Command output - 533000 624000 728000 832000 936000 1040000 1144000 1248000 1352000 1456000 1560000 1664000 1768000 1872000 1976000 2080000 2184000 2288000 2392000 2496000 2600000 2704000 2808000
2024-06-19 12:18:30,042 INFO     SpecsInfo.MobileSpecsInfo  [MobileSpecsInfo.py:96] [MainThread]               Command Executed : adb wait-for-device  shell  cat /sys/devices/system/cpu/cpufreq/policy4/scaling_available_frequencies
2024-06-19 12:18:30,042 INFO     SpecsInfo.MobileSpecsInfo  [MobileSpecsInfo.py:98] [MainThread]                 Command Status :                        Success
2024-06-19 12:18:30,042 INFO     SpecsInfo.MobileSpecsInfo  [MobileSpecsInfo.py:101] [MainThread]                 Command Output : 533000 624000 728000 832000 936000 1040000 1144000 1248000 1352000 1456000 1560000 1664000 1768000 1872000 1976000 2080000 2184000 2288000 2392000 2496000 2600000 2704000 2808000
2024-06-19 12:18:30,141 DEBUG    Base.Commands  [Commands.py:97] [MainThread]  Command output - conservative powersave performance energy_step schedutil
2024-06-19 12:18:30,141 INFO     SpecsInfo.MobileSpecsInfo  [MobileSpecsInfo.py:96] [MainThread]               Command Executed : adb wait-for-device  shell  cat /sys/devices/system/cpu/cpufreq/policy4/scaling_available_governors
2024-06-19 12:18:30,141 INFO     SpecsInfo.MobileSpecsInfo  [MobileSpecsInfo.py:98] [MainThread]                 Command Status :                        Success
2024-06-19 12:18:30,141 INFO     SpecsInfo.MobileSpecsInfo  [MobileSpecsInfo.py:101] [MainThread]                 Command Output : conservative powersave performance energy_step schedutil
2024-06-19 12:18:30,240 DEBUG    Base.Commands  [Commands.py:97] [MainThread]  Command output - energy_step
2024-06-19 12:18:30,240 INFO     SpecsInfo.MobileSpecsInfo  [MobileSpecsInfo.py:96] [MainThread]               Command Executed : adb wait-for-device  shell  cat /sys/devices/system/cpu/cpufreq/policy4/scaling_governor
2024-06-19 12:18:30,240 INFO     SpecsInfo.MobileSpecsInfo  [MobileSpecsInfo.py:98] [MainThread]                 Command Status :                        Success
2024-06-19 12:18:30,240 INFO     SpecsInfo.MobileSpecsInfo  [MobileSpecsInfo.py:101] [MainThread]                 Command Output :                    energy_step
2024-06-19 12:18:30,332 DEBUG    Base.Commands  [Commands.py:97] [MainThread]  Command output - 
2024-06-19 12:18:30,332 INFO     SpecsInfo.MobileSpecsInfo  [MobileSpecsInfo.py:96] [MainThread]               Command Executed : adb wait-for-device  shell  cat /sys/devices/system/cpu/cpufreq/policy4/../../offline
2024-06-19 12:18:30,332 INFO     SpecsInfo.MobileSpecsInfo  [MobileSpecsInfo.py:98] [MainThread]                 Command Status :                        Success
2024-06-19 12:18:30,332 INFO     SpecsInfo.MobileSpecsInfo  [MobileSpecsInfo.py:101] [MainThread]                 Command Output :                               
2024-06-19 12:18:30,428 DEBUG    Base.Commands  [Commands.py:97] [MainThread]  Command output - 0-7
2024-06-19 12:18:30,429 INFO     SpecsInfo.MobileSpecsInfo  [MobileSpecsInfo.py:96] [MainThread]               Command Executed : adb wait-for-device  shell  cat /sys/devices/system/cpu/cpufreq/policy4/../../online
2024-06-19 12:18:30,429 INFO     SpecsInfo.MobileSpecsInfo  [MobileSpecsInfo.py:98] [MainThread]                 Command Status :                        Success
2024-06-19 12:18:30,429 INFO     SpecsInfo.MobileSpecsInfo  [MobileSpecsInfo.py:101] [MainThread]                 Command Output :                            0-7
2024-06-19 12:18:30,540 DEBUG    Base.Commands  [Commands.py:97] [MainThread]  Command output - 
2024-06-19 12:18:30,540 INFO     SpecsInfo.MobileSpecsInfo  [MobileSpecsInfo.py:96] [MainThread]               Command Executed : adb wait-for-device  shell  cat /sys/devices/system/cpu/cpufreq/policy4/../../cpu_boost/input_boost_freq
2024-06-19 12:18:30,540 INFO     SpecsInfo.MobileSpecsInfo  [MobileSpecsInfo.py:98] [MainThread]                 Command Status :                        Success
2024-06-19 12:18:30,541 INFO     SpecsInfo.MobileSpecsInfo  [MobileSpecsInfo.py:101] [MainThread]                 Command Output :                               
2024-06-19 12:18:30,620 DEBUG    Base.Commands  [Commands.py:97] [MainThread]  Command output - 871
2024-06-19 12:18:30,620 INFO     SpecsInfo.MobileSpecsInfo  [MobileSpecsInfo.py:96] [MainThread]               Command Executed : adb wait-for-device  shell  cat /sys/devices/system/cpu/cpufreq/policy4/../../cpu4/cpu_capacity
2024-06-19 12:18:30,620 INFO     SpecsInfo.MobileSpecsInfo  [MobileSpecsInfo.py:98] [MainThread]                 Command Status :                        Success
2024-06-19 12:18:30,620 INFO     SpecsInfo.MobileSpecsInfo  [MobileSpecsInfo.py:101] [MainThread]                 Command Output :                            871
2024-06-19 12:18:30,737 DEBUG    Base.Commands  [Commands.py:97] [MainThread]  Command output - 
2024-06-19 12:18:30,738 INFO     SpecsInfo.MobileSpecsInfo  [MobileSpecsInfo.py:96] [MainThread]               Command Executed : adb wait-for-device  shell  cat /proc/cpuinfo | grep Processor
2024-06-19 12:18:30,739 INFO     SpecsInfo.MobileSpecsInfo  [MobileSpecsInfo.py:98] [MainThread]                 Command Status :                        Success
2024-06-19 12:18:30,739 INFO     SpecsInfo.MobileSpecsInfo  [MobileSpecsInfo.py:101] [MainThread]                 Command Output :                               
2024-06-19 12:18:30,739 INFO     SpecsInfo.CpuSpecsInfo  [CpuSpecsInfo.py:138] [MainThread]  Core Arch : 
2024-06-19 12:18:30,835 DEBUG    Base.Commands  [Commands.py:97] [MainThread]  Command output - 7
2024-06-19 12:18:30,835 INFO     SpecsInfo.MobileSpecsInfo  [MobileSpecsInfo.py:96] [MainThread]               Command Executed : adb wait-for-device  shell  cat /sys/devices/system/cpu/cpufreq/policy7/related_cpus
2024-06-19 12:18:30,835 INFO     SpecsInfo.MobileSpecsInfo  [MobileSpecsInfo.py:98] [MainThread]                 Command Status :                        Success
2024-06-19 12:18:30,835 INFO     SpecsInfo.MobileSpecsInfo  [MobileSpecsInfo.py:101] [MainThread]                 Command Output :                              7
2024-06-19 12:18:30,940 DEBUG    Base.Commands  [Commands.py:97] [MainThread]  Command output - 533000
2024-06-19 12:18:30,940 INFO     SpecsInfo.MobileSpecsInfo  [MobileSpecsInfo.py:96] [MainThread]               Command Executed : adb wait-for-device  shell  cat /sys/devices/system/cpu/cpufreq/policy7/scaling_min_freq
2024-06-19 12:18:30,940 INFO     SpecsInfo.MobileSpecsInfo  [MobileSpecsInfo.py:98] [MainThread]                 Command Status :                        Success
2024-06-19 12:18:30,940 INFO     SpecsInfo.MobileSpecsInfo  [MobileSpecsInfo.py:101] [MainThread]                 Command Output :                         533000
2024-06-19 12:18:31,049 DEBUG    Base.Commands  [Commands.py:97] [MainThread]  Command output - 2912000
2024-06-19 12:18:31,050 INFO     SpecsInfo.MobileSpecsInfo  [MobileSpecsInfo.py:96] [MainThread]               Command Executed : adb wait-for-device  shell  cat /sys/devices/system/cpu/cpufreq/policy7/scaling_max_freq
2024-06-19 12:18:31,050 INFO     SpecsInfo.MobileSpecsInfo  [MobileSpecsInfo.py:98] [MainThread]                 Command Status :                        Success
2024-06-19 12:18:31,050 INFO     SpecsInfo.MobileSpecsInfo  [MobileSpecsInfo.py:101] [MainThread]                 Command Output :                        2912000
2024-06-19 12:18:31,154 DEBUG    Base.Commands  [Commands.py:97] [MainThread]  Command output - 533000
2024-06-19 12:18:31,154 INFO     SpecsInfo.MobileSpecsInfo  [MobileSpecsInfo.py:96] [MainThread]               Command Executed : adb wait-for-device  shell  cat /sys/devices/system/cpu/cpufreq/policy7/scaling_cur_freq
2024-06-19 12:18:31,154 INFO     SpecsInfo.MobileSpecsInfo  [MobileSpecsInfo.py:98] [MainThread]                 Command Status :                        Success
2024-06-19 12:18:31,154 INFO     SpecsInfo.MobileSpecsInfo  [MobileSpecsInfo.py:101] [MainThread]                 Command Output :                         533000
2024-06-19 12:18:31,254 DEBUG    Base.Commands  [Commands.py:97] [MainThread]  Command output - 533000 624000 728000 832000 936000 1040000 1144000 1248000 1352000 1456000 1560000 1664000 1768000 1872000 1976000 2080000 2184000 2288000 2392000 2496000 2600000 2704000 2808000 2912000
2024-06-19 12:18:31,254 INFO     SpecsInfo.MobileSpecsInfo  [MobileSpecsInfo.py:96] [MainThread]               Command Executed : adb wait-for-device  shell  cat /sys/devices/system/cpu/cpufreq/policy7/scaling_available_frequencies
2024-06-19 12:18:31,254 INFO     SpecsInfo.MobileSpecsInfo  [MobileSpecsInfo.py:98] [MainThread]                 Command Status :                        Success
2024-06-19 12:18:31,255 INFO     SpecsInfo.MobileSpecsInfo  [MobileSpecsInfo.py:101] [MainThread]                 Command Output : 533000 624000 728000 832000 936000 1040000 1144000 1248000 1352000 1456000 1560000 1664000 1768000 1872000 1976000 2080000 2184000 2288000 2392000 2496000 2600000 2704000 2808000 2912000
2024-06-19 12:18:31,363 DEBUG    Base.Commands  [Commands.py:97] [MainThread]  Command output - conservative powersave performance energy_step schedutil
2024-06-19 12:18:31,364 INFO     SpecsInfo.MobileSpecsInfo  [MobileSpecsInfo.py:96] [MainThread]               Command Executed : adb wait-for-device  shell  cat /sys/devices/system/cpu/cpufreq/policy7/scaling_available_governors
2024-06-19 12:18:31,364 INFO     SpecsInfo.MobileSpecsInfo  [MobileSpecsInfo.py:98] [MainThread]                 Command Status :                        Success
2024-06-19 12:18:31,364 INFO     SpecsInfo.MobileSpecsInfo  [MobileSpecsInfo.py:101] [MainThread]                 Command Output : conservative powersave performance energy_step schedutil
2024-06-19 12:18:31,463 DEBUG    Base.Commands  [Commands.py:97] [MainThread]  Command output - energy_step
2024-06-19 12:18:31,463 INFO     SpecsInfo.MobileSpecsInfo  [MobileSpecsInfo.py:96] [MainThread]               Command Executed : adb wait-for-device  shell  cat /sys/devices/system/cpu/cpufreq/policy7/scaling_governor
2024-06-19 12:18:31,463 INFO     SpecsInfo.MobileSpecsInfo  [MobileSpecsInfo.py:98] [MainThread]                 Command Status :                        Success
2024-06-19 12:18:31,463 INFO     SpecsInfo.MobileSpecsInfo  [MobileSpecsInfo.py:101] [MainThread]                 Command Output :                    energy_step
2024-06-19 12:18:31,575 DEBUG    Base.Commands  [Commands.py:97] [MainThread]  Command output - 
2024-06-19 12:18:31,575 INFO     SpecsInfo.MobileSpecsInfo  [MobileSpecsInfo.py:96] [MainThread]               Command Executed : adb wait-for-device  shell  cat /sys/devices/system/cpu/cpufreq/policy7/../../offline
2024-06-19 12:18:31,575 INFO     SpecsInfo.MobileSpecsInfo  [MobileSpecsInfo.py:98] [MainThread]                 Command Status :                        Success
2024-06-19 12:18:31,575 INFO     SpecsInfo.MobileSpecsInfo  [MobileSpecsInfo.py:101] [MainThread]                 Command Output :                               
2024-06-19 12:18:31,664 DEBUG    Base.Commands  [Commands.py:97] [MainThread]  Command output - 0-7
2024-06-19 12:18:31,664 INFO     SpecsInfo.MobileSpecsInfo  [MobileSpecsInfo.py:96] [MainThread]               Command Executed : adb wait-for-device  shell  cat /sys/devices/system/cpu/cpufreq/policy7/../../online
2024-06-19 12:18:31,664 INFO     SpecsInfo.MobileSpecsInfo  [MobileSpecsInfo.py:98] [MainThread]                 Command Status :                        Success
2024-06-19 12:18:31,664 INFO     SpecsInfo.MobileSpecsInfo  [MobileSpecsInfo.py:101] [MainThread]                 Command Output :                            0-7
2024-06-19 12:18:31,758 DEBUG    Base.Commands  [Commands.py:97] [MainThread]  Command output - 
2024-06-19 12:18:31,758 INFO     SpecsInfo.MobileSpecsInfo  [MobileSpecsInfo.py:96] [MainThread]               Command Executed : adb wait-for-device  shell  cat /sys/devices/system/cpu/cpufreq/policy7/../../cpu_boost/input_boost_freq
2024-06-19 12:18:31,758 INFO     SpecsInfo.MobileSpecsInfo  [MobileSpecsInfo.py:98] [MainThread]                 Command Status :                        Success
2024-06-19 12:18:31,758 INFO     SpecsInfo.MobileSpecsInfo  [MobileSpecsInfo.py:101] [MainThread]                 Command Output :                               
2024-06-19 12:18:31,856 DEBUG    Base.Commands  [Commands.py:97] [MainThread]  Command output - 1024
2024-06-19 12:18:31,856 INFO     SpecsInfo.MobileSpecsInfo  [MobileSpecsInfo.py:96] [MainThread]               Command Executed : adb wait-for-device  shell  cat /sys/devices/system/cpu/cpufreq/policy7/../../cpu7/cpu_capacity
2024-06-19 12:18:31,856 INFO     SpecsInfo.MobileSpecsInfo  [MobileSpecsInfo.py:98] [MainThread]                 Command Status :                        Success
2024-06-19 12:18:31,856 INFO     SpecsInfo.MobileSpecsInfo  [MobileSpecsInfo.py:101] [MainThread]                 Command Output :                           1024
2024-06-19 12:18:31,949 DEBUG    Base.Commands  [Commands.py:97] [MainThread]  Command output - 
2024-06-19 12:18:31,950 INFO     SpecsInfo.MobileSpecsInfo  [MobileSpecsInfo.py:96] [MainThread]               Command Executed : adb wait-for-device  shell  cat /proc/cpuinfo | grep Processor
2024-06-19 12:18:31,950 INFO     SpecsInfo.MobileSpecsInfo  [MobileSpecsInfo.py:98] [MainThread]                 Command Status :                        Success
2024-06-19 12:18:31,950 INFO     SpecsInfo.MobileSpecsInfo  [MobileSpecsInfo.py:101] [MainThread]                 Command Output :                               
2024-06-19 12:18:31,950 INFO     SpecsInfo.CpuSpecsInfo  [CpuSpecsInfo.py:138] [MainThread]  Core Arch : 
2024-06-19 12:18:32,093 DEBUG    Base.Commands  [Commands.py:97] [MainThread]  Command output - Physical density: 480
2024-06-19 12:18:32,093 INFO     SpecsInfo.MobileSpecsInfo  [MobileSpecsInfo.py:96] [MainThread]               Command Executed : adb wait-for-device  shell  wm  density 
2024-06-19 12:18:32,093 INFO     SpecsInfo.MobileSpecsInfo  [MobileSpecsInfo.py:98] [MainThread]                 Command Status :                        Success
2024-06-19 12:18:32,094 INFO     SpecsInfo.MobileSpecsInfo  [MobileSpecsInfo.py:101] [MainThread]                 Command Output :          Physical density: 480
2024-06-19 12:18:32,218 DEBUG    Base.Commands  [Commands.py:97] [MainThread]  Command output - Physical size: 1080x2340
2024-06-19 12:18:32,218 INFO     SpecsInfo.MobileSpecsInfo  [MobileSpecsInfo.py:96] [MainThread]               Command Executed : adb wait-for-device  shell  wm  size 
2024-06-19 12:18:32,218 INFO     SpecsInfo.MobileSpecsInfo  [MobileSpecsInfo.py:98] [MainThread]                 Command Status :                        Success
2024-06-19 12:18:32,218 INFO     SpecsInfo.MobileSpecsInfo  [MobileSpecsInfo.py:101] [MainThread]                 Command Output :       Physical size: 1080x2340
2024-06-19 12:18:32,369 DEBUG    Base.Commands  [Commands.py:97] [MainThread]  Command output - 53
2024-06-19 12:18:32,369 INFO     SpecsInfo.MobileSpecsInfo  [MobileSpecsInfo.py:96] [MainThread]               Command Executed : adb wait-for-device  shell  settings get system screen_brightness
2024-06-19 12:18:32,369 INFO     SpecsInfo.MobileSpecsInfo  [MobileSpecsInfo.py:98] [MainThread]                 Command Status :                        Success
2024-06-19 12:18:32,369 INFO     SpecsInfo.MobileSpecsInfo  [MobileSpecsInfo.py:101] [MainThread]                 Command Output :                             53
2024-06-19 12:18:32,644 DEBUG    Base.Commands  [Commands.py:97] [MainThread]  Command output - , mDefaultLowBlockingZoneRefreshRate= 0, mDefaultHighBlockingZoneRefreshRate= 0, mDefaultPeakRefreshRate= 120, mDefaultRefreshRate= 0, mRefreshRateZoneProfiles= {}, mDefaultRefreshRateInHbmHdr= 0, mDefaultRefreshRateInHbmSunlight= 0, mRefreshRateThrottlingMap= {}
2024-06-19 12:18:32,644 INFO     SpecsInfo.MobileSpecsInfo  [MobileSpecsInfo.py:96] [MainThread]               Command Executed : adb wait-for-device  shell dumpsys display | grep -E "mDefaultPeakRefreshRate" | head -n 1
2024-06-19 12:18:32,645 INFO     SpecsInfo.MobileSpecsInfo  [MobileSpecsInfo.py:98] [MainThread]                 Command Status :                        Success
2024-06-19 12:18:32,645 INFO     SpecsInfo.MobileSpecsInfo  [MobileSpecsInfo.py:101] [MainThread]                 Command Output : , mDefaultLowBlockingZoneRefreshRate= 0, mDefaultHighBlockingZoneRefreshRate= 0, mDefaultPeakRefreshRate= 120, mDefaultRefreshRate= 0, mRefreshRateZoneProfiles= {}, mDefaultRefreshRateInHbmHdr= 0, mDefaultRefreshRateInHbmSunlight= 0, mRefreshRateThrottlingMap= {}
2024-06-19 12:18:32,763 DEBUG    Base.Commands  [Commands.py:97] [MainThread]  Command output - 30000
2024-06-19 12:18:32,763 INFO     SpecsInfo.MobileSpecsInfo  [MobileSpecsInfo.py:96] [MainThread]               Command Executed : adb wait-for-device  shell  settings get system screen_off_timeout
2024-06-19 12:18:32,763 INFO     SpecsInfo.MobileSpecsInfo  [MobileSpecsInfo.py:98] [MainThread]                 Command Status :                        Success
2024-06-19 12:18:32,763 INFO     SpecsInfo.MobileSpecsInfo  [MobileSpecsInfo.py:101] [MainThread]                 Command Output :                          30000
2024-06-19 12:18:32,889 DEBUG    Base.Commands  [Commands.py:97] [MainThread]  Command output - 0
2024-06-19 12:18:32,890 INFO     SpecsInfo.MobileSpecsInfo  [MobileSpecsInfo.py:96] [MainThread]               Command Executed : adb wait-for-device  shell  settings get system user_rotation
2024-06-19 12:18:32,892 INFO     SpecsInfo.MobileSpecsInfo  [MobileSpecsInfo.py:98] [MainThread]                 Command Status :                        Success
2024-06-19 12:18:32,892 INFO     SpecsInfo.MobileSpecsInfo  [MobileSpecsInfo.py:101] [MainThread]                 Command Output :                              0
