2024-06-07 16:46:52,846 DEBUG    Base.Commands  [Commands.py:97] [MainThread]  Command output - RZCW31E6X5R
2024-06-07 16:46:52,846 INFO     SpecsInfo.MobileSpecsInfo  [MobileSpecsInfo.py:96] [MainThread]               Command Executed : adb wait-for-device  get-serialno 
2024-06-07 16:46:52,846 INFO     SpecsInfo.MobileSpecsInfo  [MobileSpecsInfo.py:98] [MainThread]                 Command Status :                        Success
2024-06-07 16:46:52,847 INFO     SpecsInfo.MobileSpecsInfo  [MobileSpecsInfo.py:101] [MainThread]                 Command Output :                    RZCW31E6X5R
2024-06-07 16:46:52,884 DEBUG    Base.Commands  [Commands.py:97] [MainThread]  Command output - RZCW31E6X5R
2024-06-07 16:46:52,885 INFO     SpecsInfo.MobileSpecsInfo  [MobileSpecsInfo.py:96] [MainThread]               Command Executed : adb wait-for-device  get-serialno 
2024-06-07 16:46:52,885 INFO     SpecsInfo.MobileSpecsInfo  [MobileSpecsInfo.py:98] [MainThread]                 Command Status :                        Success
2024-06-07 16:46:52,885 INFO     SpecsInfo.MobileSpecsInfo  [MobileSpecsInfo.py:101] [MainThread]                 Command Output :                    RZCW31E6X5R
2024-06-07 16:46:53,032 DEBUG    Base.Commands  [Commands.py:97] [MainThread]  Command output - universal2100_r
2024-06-07 16:46:53,032 INFO     SpecsInfo.MobileSpecsInfo  [MobileSpecsInfo.py:96] [MainThread]               Command Executed : adb wait-for-device  shell  getprop  ro.board.platform 
2024-06-07 16:46:53,033 INFO     SpecsInfo.MobileSpecsInfo  [MobileSpecsInfo.py:98] [MainThread]                 Command Status :                        Success
2024-06-07 16:46:53,033 INFO     SpecsInfo.MobileSpecsInfo  [MobileSpecsInfo.py:101] [MainThread]                 Command Output :                universal2100_r
2024-06-07 16:46:53,133 DEBUG    Base.Commands  [Commands.py:97] [MainThread]  Command output - samsung
2024-06-07 16:46:53,133 INFO     SpecsInfo.MobileSpecsInfo  [MobileSpecsInfo.py:96] [MainThread]               Command Executed : adb wait-for-device  shell  getprop  ro.product.manufacturer 
2024-06-07 16:46:53,133 INFO     SpecsInfo.MobileSpecsInfo  [MobileSpecsInfo.py:98] [MainThread]                 Command Status :                        Success
2024-06-07 16:46:53,133 INFO     SpecsInfo.MobileSpecsInfo  [MobileSpecsInfo.py:101] [MainThread]                 Command Output :                        samsung
2024-06-07 16:46:53,219 DEBUG    Base.Commands  [Commands.py:97] [MainThread]  Command output - Samsung
2024-06-07 16:46:53,219 INFO     SpecsInfo.MobileSpecsInfo  [MobileSpecsInfo.py:96] [MainThread]               Command Executed : adb wait-for-device  shell  getprop  ro.soc.manufacturer 
2024-06-07 16:46:53,219 INFO     SpecsInfo.MobileSpecsInfo  [MobileSpecsInfo.py:98] [MainThread]                 Command Status :                        Success
2024-06-07 16:46:53,219 INFO     SpecsInfo.MobileSpecsInfo  [MobileSpecsInfo.py:101] [MainThread]                 Command Output :                        Samsung
2024-06-07 16:46:53,315 DEBUG    Base.Commands  [Commands.py:97] [MainThread]  Command output - Exynos 2100
2024-06-07 16:46:53,315 INFO     SpecsInfo.MobileSpecsInfo  [MobileSpecsInfo.py:96] [MainThread]               Command Executed : adb wait-for-device  shell  getprop  ro.soc.model 
2024-06-07 16:46:53,315 INFO     SpecsInfo.MobileSpecsInfo  [MobileSpecsInfo.py:98] [MainThread]                 Command Status :                        Success
2024-06-07 16:46:53,315 INFO     SpecsInfo.MobileSpecsInfo  [MobileSpecsInfo.py:101] [MainThread]                 Command Output :                    Exynos 2100
2024-06-07 16:46:53,410 DEBUG    Base.Commands  [Commands.py:97] [MainThread]  Command output - unknown
2024-06-07 16:46:53,410 INFO     SpecsInfo.MobileSpecsInfo  [MobileSpecsInfo.py:96] [MainThread]               Command Executed : adb wait-for-device  shell  getprop  ro.baseband 
2024-06-07 16:46:53,410 INFO     SpecsInfo.MobileSpecsInfo  [MobileSpecsInfo.py:98] [MainThread]                 Command Status :                        Success
2024-06-07 16:46:53,410 INFO     SpecsInfo.MobileSpecsInfo  [MobileSpecsInfo.py:101] [MainThread]                 Command Output :                        unknown
2024-06-07 16:46:53,505 DEBUG    Base.Commands  [Commands.py:97] [MainThread]  Command output - dsds
2024-06-07 16:46:53,505 INFO     SpecsInfo.MobileSpecsInfo  [MobileSpecsInfo.py:96] [MainThread]               Command Executed : adb wait-for-device  shell  getprop  persist.radio.multisim.config 
2024-06-07 16:46:53,505 INFO     SpecsInfo.MobileSpecsInfo  [MobileSpecsInfo.py:98] [MainThread]                 Command Status :                        Success
2024-06-07 16:46:53,505 INFO     SpecsInfo.MobileSpecsInfo  [MobileSpecsInfo.py:101] [MainThread]                 Command Output :                           dsds
2024-06-07 16:46:53,598 DEBUG    Base.Commands  [Commands.py:97] [MainThread]  Command output - mali
2024-06-07 16:46:53,598 INFO     SpecsInfo.MobileSpecsInfo  [MobileSpecsInfo.py:96] [MainThread]               Command Executed : adb wait-for-device  shell  getprop  ro.hardware.egl 
2024-06-07 16:46:53,598 INFO     SpecsInfo.MobileSpecsInfo  [MobileSpecsInfo.py:98] [MainThread]                 Command Status :                        Success
2024-06-07 16:46:53,598 INFO     SpecsInfo.MobileSpecsInfo  [MobileSpecsInfo.py:101] [MainThread]                 Command Output :                           mali
2024-06-07 16:46:53,686 DEBUG    Base.Commands  [Commands.py:97] [MainThread]  Command output - 
2024-06-07 16:46:53,687 INFO     SpecsInfo.MobileSpecsInfo  [MobileSpecsInfo.py:96] [MainThread]               Command Executed : adb wait-for-device  shell  getprop  ro.hardware.nfc_nci 
2024-06-07 16:46:53,687 INFO     SpecsInfo.MobileSpecsInfo  [MobileSpecsInfo.py:98] [MainThread]                 Command Status :                        Success
2024-06-07 16:46:53,687 INFO     SpecsInfo.MobileSpecsInfo  [MobileSpecsInfo.py:101] [MainThread]                 Command Output :                               
2024-06-07 16:46:53,860 DEBUG    Base.Commands  [Commands.py:97] [MainThread]  Command output - Physical size: 1080x2340
2024-06-07 16:46:53,860 INFO     SpecsInfo.MobileSpecsInfo  [MobileSpecsInfo.py:96] [MainThread]               Command Executed : adb wait-for-device  shell  wm  size 
2024-06-07 16:46:53,860 INFO     SpecsInfo.MobileSpecsInfo  [MobileSpecsInfo.py:98] [MainThread]                 Command Status :                        Success
2024-06-07 16:46:53,860 INFO     SpecsInfo.MobileSpecsInfo  [MobileSpecsInfo.py:101] [MainThread]                 Command Output :       Physical size: 1080x2340
2024-06-07 16:46:53,969 DEBUG    Base.Commands  [Commands.py:97] [MainThread]  Command output - Physical density: 480
Override density: 420
2024-06-07 16:46:53,969 INFO     SpecsInfo.MobileSpecsInfo  [MobileSpecsInfo.py:96] [MainThread]               Command Executed : adb wait-for-device  shell  wm  density 
2024-06-07 16:46:53,969 INFO     SpecsInfo.MobileSpecsInfo  [MobileSpecsInfo.py:98] [MainThread]                 Command Status :                        Success
2024-06-07 16:46:53,969 INFO     SpecsInfo.MobileSpecsInfo  [MobileSpecsInfo.py:101] [MainThread]                 Command Output : Physical density: 480
Override density: 420
2024-06-07 16:46:54,058 DEBUG    Base.Commands  [Commands.py:97] [MainThread]  Command output - lock 0
2024-06-07 16:46:54,058 INFO     SpecsInfo.MobileSpecsInfo  [MobileSpecsInfo.py:96] [MainThread]               Command Executed : adb wait-for-device  shell  wm  user-rotation 
2024-06-07 16:46:54,058 INFO     SpecsInfo.MobileSpecsInfo  [MobileSpecsInfo.py:98] [MainThread]                 Command Status :                        Success
2024-06-07 16:46:54,058 INFO     SpecsInfo.MobileSpecsInfo  [MobileSpecsInfo.py:101] [MainThread]                 Command Output :                         lock 0
2024-06-07 16:46:54,147 DEBUG    Base.Commands  [Commands.py:97] [MainThread]  Command output - Supports non-resizable in multi window: -1
Respects activity min width/height in multi window: 0
2024-06-07 16:46:54,147 INFO     SpecsInfo.MobileSpecsInfo  [MobileSpecsInfo.py:96] [MainThread]               Command Executed : adb wait-for-device  shell  wm  get-multi-window-config 
2024-06-07 16:46:54,147 INFO     SpecsInfo.MobileSpecsInfo  [MobileSpecsInfo.py:98] [MainThread]                 Command Status :                        Success
2024-06-07 16:46:54,147 INFO     SpecsInfo.MobileSpecsInfo  [MobileSpecsInfo.py:101] [MainThread]                 Command Output : Supports non-resizable in multi window: -1
Respects activity min width/height in multi window: 0
2024-06-07 16:46:54,196 DEBUG    Base.Commands  [Commands.py:97] [MainThread]  Command output - Android Debug Bridge version 1.0.41
Version 35.0.1-11580240
Installed as C:\Users\sachi\AppData\Local\Android\Sdk\platform-tools\adb.exe
Running on Windows 10.0.26120
2024-06-07 16:46:54,196 INFO     SpecsInfo.MobileSpecsInfo  [MobileSpecsInfo.py:96] [MainThread]               Command Executed :  adb wait-for-device  version 
2024-06-07 16:46:54,196 INFO     SpecsInfo.MobileSpecsInfo  [MobileSpecsInfo.py:98] [MainThread]                 Command Status :                        Success
2024-06-07 16:46:54,196 INFO     SpecsInfo.MobileSpecsInfo  [MobileSpecsInfo.py:101] [MainThread]                 Command Output : Android Debug Bridge version 1.0.41
Version 35.0.1-11580240
Installed as C:\Users\sachi\AppData\Local\Android\Sdk\platform-tools\adb.exe
Running on Windows 10.0.26120
2024-06-07 16:46:54,282 DEBUG    Base.Commands  [Commands.py:97] [MainThread]  Command output - 14
2024-06-07 16:46:54,282 INFO     SpecsInfo.MobileSpecsInfo  [MobileSpecsInfo.py:96] [MainThread]               Command Executed : adb wait-for-device  shell  getprop  ro.build.version.release 
2024-06-07 16:46:54,283 INFO     SpecsInfo.MobileSpecsInfo  [MobileSpecsInfo.py:98] [MainThread]                 Command Status :                        Success
2024-06-07 16:46:54,283 INFO     SpecsInfo.MobileSpecsInfo  [MobileSpecsInfo.py:101] [MainThread]                 Command Output :                             14
2024-06-07 16:46:54,349 DEBUG    Base.Commands  [Commands.py:97] [MainThread]  Command output - 5.4
2024-06-07 16:46:54,350 INFO     SpecsInfo.MobileSpecsInfo  [MobileSpecsInfo.py:96] [MainThread]               Command Executed : adb wait-for-device  shell  getprop  ro.kernel.version 
2024-06-07 16:46:54,350 INFO     SpecsInfo.MobileSpecsInfo  [MobileSpecsInfo.py:98] [MainThread]                 Command Status :                        Success
2024-06-07 16:46:54,350 INFO     SpecsInfo.MobileSpecsInfo  [MobileSpecsInfo.py:101] [MainThread]                 Command Output :                            5.4
2024-06-07 16:46:54,411 DEBUG    Base.Commands  [Commands.py:97] [MainThread]  Command output - 34
2024-06-07 16:46:54,411 INFO     SpecsInfo.MobileSpecsInfo  [MobileSpecsInfo.py:96] [MainThread]               Command Executed : adb wait-for-device  shell  getprop  ro.build.version.sdk 
2024-06-07 16:46:54,412 INFO     SpecsInfo.MobileSpecsInfo  [MobileSpecsInfo.py:98] [MainThread]                 Command Status :                        Success
2024-06-07 16:46:54,412 INFO     SpecsInfo.MobileSpecsInfo  [MobileSpecsInfo.py:101] [MainThread]                 Command Output :                             34
2024-06-07 16:46:54,500 DEBUG    Base.Commands  [Commands.py:97] [MainThread]  Command output - 34
2024-06-07 16:46:54,500 INFO     SpecsInfo.MobileSpecsInfo  [MobileSpecsInfo.py:96] [MainThread]               Command Executed : adb wait-for-device  shell  getprop  ro.product.build.version.sdk 
2024-06-07 16:46:54,500 INFO     SpecsInfo.MobileSpecsInfo  [MobileSpecsInfo.py:98] [MainThread]                 Command Status :                        Success
2024-06-07 16:46:54,501 INFO     SpecsInfo.MobileSpecsInfo  [MobileSpecsInfo.py:101] [MainThread]                 Command Output :                             34
2024-06-07 16:46:54,572 DEBUG    Base.Commands  [Commands.py:97] [MainThread]  Command output - 34
2024-06-07 16:46:54,572 INFO     SpecsInfo.MobileSpecsInfo  [MobileSpecsInfo.py:96] [MainThread]               Command Executed : adb wait-for-device  shell  getprop  ro.system.build.version.sdk 
2024-06-07 16:46:54,572 INFO     SpecsInfo.MobileSpecsInfo  [MobileSpecsInfo.py:98] [MainThread]                 Command Status :                        Success
2024-06-07 16:46:54,572 INFO     SpecsInfo.MobileSpecsInfo  [MobileSpecsInfo.py:101] [MainThread]                 Command Output :                             34
2024-06-07 16:46:54,633 DEBUG    Base.Commands  [Commands.py:97] [MainThread]  Command output - 30
2024-06-07 16:46:54,633 INFO     SpecsInfo.MobileSpecsInfo  [MobileSpecsInfo.py:96] [MainThread]               Command Executed : adb wait-for-device  shell  getprop  ro.vendor.build.version.sdk 
2024-06-07 16:46:54,633 INFO     SpecsInfo.MobileSpecsInfo  [MobileSpecsInfo.py:98] [MainThread]                 Command Status :                        Success
2024-06-07 16:46:54,633 INFO     SpecsInfo.MobileSpecsInfo  [MobileSpecsInfo.py:101] [MainThread]                 Command Output :                             30
2024-06-07 16:46:54,724 DEBUG    Base.Commands  [Commands.py:97] [MainThread]  Command output - policy0
policy4
policy7
2024-06-07 16:46:54,724 INFO     SpecsInfo.MobileSpecsInfo  [MobileSpecsInfo.py:96] [MainThread]               Command Executed : adb wait-for-device  shell  ls /sys/devices/system/cpu/cpufreq
2024-06-07 16:46:54,724 INFO     SpecsInfo.MobileSpecsInfo  [MobileSpecsInfo.py:98] [MainThread]                 Command Status :                        Success
2024-06-07 16:46:54,725 INFO     SpecsInfo.MobileSpecsInfo  [MobileSpecsInfo.py:101] [MainThread]                 Command Output :      policy0
policy4
policy7
2024-06-07 16:46:54,800 DEBUG    Base.Commands  [Commands.py:97] [MainThread]  Command output - 0 1 2 3
2024-06-07 16:46:54,800 INFO     SpecsInfo.MobileSpecsInfo  [MobileSpecsInfo.py:96] [MainThread]               Command Executed : adb wait-for-device  shell  cat /sys/devices/system/cpu/cpufreq/policy0/related_cpus
2024-06-07 16:46:54,800 INFO     SpecsInfo.MobileSpecsInfo  [MobileSpecsInfo.py:98] [MainThread]                 Command Status :                        Success
2024-06-07 16:46:54,800 INFO     SpecsInfo.MobileSpecsInfo  [MobileSpecsInfo.py:101] [MainThread]                 Command Output :                        0 1 2 3
2024-06-07 16:46:54,866 DEBUG    Base.Commands  [Commands.py:97] [MainThread]  Command output - 2002000
2024-06-07 16:46:54,866 INFO     SpecsInfo.MobileSpecsInfo  [MobileSpecsInfo.py:96] [MainThread]               Command Executed : adb wait-for-device  shell  cat /sys/devices/system/cpu/cpufreq/policy0/scaling_min_freq
2024-06-07 16:46:54,867 INFO     SpecsInfo.MobileSpecsInfo  [MobileSpecsInfo.py:98] [MainThread]                 Command Status :                        Success
2024-06-07 16:46:54,867 INFO     SpecsInfo.MobileSpecsInfo  [MobileSpecsInfo.py:101] [MainThread]                 Command Output :                        2002000
2024-06-07 16:46:54,963 DEBUG    Base.Commands  [Commands.py:97] [MainThread]  Command output - 2210000
2024-06-07 16:46:54,963 INFO     SpecsInfo.MobileSpecsInfo  [MobileSpecsInfo.py:96] [MainThread]               Command Executed : adb wait-for-device  shell  cat /sys/devices/system/cpu/cpufreq/policy0/scaling_max_freq
2024-06-07 16:46:54,963 INFO     SpecsInfo.MobileSpecsInfo  [MobileSpecsInfo.py:98] [MainThread]                 Command Status :                        Success
2024-06-07 16:46:54,963 INFO     SpecsInfo.MobileSpecsInfo  [MobileSpecsInfo.py:101] [MainThread]                 Command Output :                        2210000
2024-06-07 16:46:55,043 DEBUG    Base.Commands  [Commands.py:97] [MainThread]  Command output - 2210000
2024-06-07 16:46:55,043 INFO     SpecsInfo.MobileSpecsInfo  [MobileSpecsInfo.py:96] [MainThread]               Command Executed : adb wait-for-device  shell  cat /sys/devices/system/cpu/cpufreq/policy0/scaling_cur_freq
2024-06-07 16:46:55,043 INFO     SpecsInfo.MobileSpecsInfo  [MobileSpecsInfo.py:98] [MainThread]                 Command Status :                        Success
2024-06-07 16:46:55,043 INFO     SpecsInfo.MobileSpecsInfo  [MobileSpecsInfo.py:101] [MainThread]                 Command Output :                        2210000
2024-06-07 16:46:55,114 DEBUG    Base.Commands  [Commands.py:97] [MainThread]  Command output - 400000 533000 650000 754000 858000 962000 1066000 1170000 1274000 1378000 1482000 1586000 1690000 1794000 1898000 2002000 2106000 2210000
2024-06-07 16:46:55,114 INFO     SpecsInfo.MobileSpecsInfo  [MobileSpecsInfo.py:96] [MainThread]               Command Executed : adb wait-for-device  shell  cat /sys/devices/system/cpu/cpufreq/policy0/scaling_available_frequencies
2024-06-07 16:46:55,114 INFO     SpecsInfo.MobileSpecsInfo  [MobileSpecsInfo.py:98] [MainThread]                 Command Status :                        Success
2024-06-07 16:46:55,114 INFO     SpecsInfo.MobileSpecsInfo  [MobileSpecsInfo.py:101] [MainThread]                 Command Output : 400000 533000 650000 754000 858000 962000 1066000 1170000 1274000 1378000 1482000 1586000 1690000 1794000 1898000 2002000 2106000 2210000
2024-06-07 16:46:55,201 DEBUG    Base.Commands  [Commands.py:97] [MainThread]  Command output - conservative powersave performance energy_step schedutil
2024-06-07 16:46:55,201 INFO     SpecsInfo.MobileSpecsInfo  [MobileSpecsInfo.py:96] [MainThread]               Command Executed : adb wait-for-device  shell  cat /sys/devices/system/cpu/cpufreq/policy0/scaling_available_governors
2024-06-07 16:46:55,201 INFO     SpecsInfo.MobileSpecsInfo  [MobileSpecsInfo.py:98] [MainThread]                 Command Status :                        Success
2024-06-07 16:46:55,201 INFO     SpecsInfo.MobileSpecsInfo  [MobileSpecsInfo.py:101] [MainThread]                 Command Output : conservative powersave performance energy_step schedutil
2024-06-07 16:46:55,272 DEBUG    Base.Commands  [Commands.py:97] [MainThread]  Command output - energy_step
2024-06-07 16:46:55,272 INFO     SpecsInfo.MobileSpecsInfo  [MobileSpecsInfo.py:96] [MainThread]               Command Executed : adb wait-for-device  shell  cat /sys/devices/system/cpu/cpufreq/policy0/scaling_governor
2024-06-07 16:46:55,272 INFO     SpecsInfo.MobileSpecsInfo  [MobileSpecsInfo.py:98] [MainThread]                 Command Status :                        Success
2024-06-07 16:46:55,273 INFO     SpecsInfo.MobileSpecsInfo  [MobileSpecsInfo.py:101] [MainThread]                 Command Output :                    energy_step
2024-06-07 16:46:55,338 DEBUG    Base.Commands  [Commands.py:97] [MainThread]  Command output - 
2024-06-07 16:46:55,338 INFO     SpecsInfo.MobileSpecsInfo  [MobileSpecsInfo.py:96] [MainThread]               Command Executed : adb wait-for-device  shell  cat /sys/devices/system/cpu/cpufreq/policy0/../../offline
2024-06-07 16:46:55,338 INFO     SpecsInfo.MobileSpecsInfo  [MobileSpecsInfo.py:98] [MainThread]                 Command Status :                        Success
2024-06-07 16:46:55,338 INFO     SpecsInfo.MobileSpecsInfo  [MobileSpecsInfo.py:101] [MainThread]                 Command Output :                               
2024-06-07 16:46:55,412 DEBUG    Base.Commands  [Commands.py:97] [MainThread]  Command output - 0-7
2024-06-07 16:46:55,412 INFO     SpecsInfo.MobileSpecsInfo  [MobileSpecsInfo.py:96] [MainThread]               Command Executed : adb wait-for-device  shell  cat /sys/devices/system/cpu/cpufreq/policy0/../../online
2024-06-07 16:46:55,412 INFO     SpecsInfo.MobileSpecsInfo  [MobileSpecsInfo.py:98] [MainThread]                 Command Status :                        Success
2024-06-07 16:46:55,412 INFO     SpecsInfo.MobileSpecsInfo  [MobileSpecsInfo.py:101] [MainThread]                 Command Output :                            0-7
2024-06-07 16:46:55,470 DEBUG    Base.Commands  [Commands.py:97] [MainThread]  Command output - 
2024-06-07 16:46:55,470 INFO     SpecsInfo.MobileSpecsInfo  [MobileSpecsInfo.py:96] [MainThread]               Command Executed : adb wait-for-device  shell  cat /sys/devices/system/cpu/cpufreq/policy0/../../cpu_boost/input_boost_freq
2024-06-07 16:46:55,470 INFO     SpecsInfo.MobileSpecsInfo  [MobileSpecsInfo.py:98] [MainThread]                 Command Status :                        Success
2024-06-07 16:46:55,471 INFO     SpecsInfo.MobileSpecsInfo  [MobileSpecsInfo.py:101] [MainThread]                 Command Output :                               
2024-06-07 16:46:55,546 DEBUG    Base.Commands  [Commands.py:97] [MainThread]  Command output - 202
2024-06-07 16:46:55,546 INFO     SpecsInfo.MobileSpecsInfo  [MobileSpecsInfo.py:96] [MainThread]               Command Executed : adb wait-for-device  shell  cat /sys/devices/system/cpu/cpufreq/policy0/../../cpu0/cpu_capacity
2024-06-07 16:46:55,546 INFO     SpecsInfo.MobileSpecsInfo  [MobileSpecsInfo.py:98] [MainThread]                 Command Status :                        Success
2024-06-07 16:46:55,546 INFO     SpecsInfo.MobileSpecsInfo  [MobileSpecsInfo.py:101] [MainThread]                 Command Output :                            202
2024-06-07 16:46:55,649 DEBUG    Base.Commands  [Commands.py:97] [MainThread]  Command output - 
2024-06-07 16:46:55,649 INFO     SpecsInfo.MobileSpecsInfo  [MobileSpecsInfo.py:96] [MainThread]               Command Executed : adb wait-for-device  shell  cat /proc/cpuinfo | grep Processor
2024-06-07 16:46:55,649 INFO     SpecsInfo.MobileSpecsInfo  [MobileSpecsInfo.py:98] [MainThread]                 Command Status :                        Success
2024-06-07 16:46:55,649 INFO     SpecsInfo.MobileSpecsInfo  [MobileSpecsInfo.py:101] [MainThread]                 Command Output :                               
2024-06-07 16:46:55,649 INFO     SpecsInfo.CpuSpecsInfo  [CpuSpecsInfo.py:138] [MainThread]  Core Arch : 
2024-06-07 16:46:55,721 DEBUG    Base.Commands  [Commands.py:97] [MainThread]  Command output - 4 5 6
2024-06-07 16:46:55,721 INFO     SpecsInfo.MobileSpecsInfo  [MobileSpecsInfo.py:96] [MainThread]               Command Executed : adb wait-for-device  shell  cat /sys/devices/system/cpu/cpufreq/policy4/related_cpus
2024-06-07 16:46:55,721 INFO     SpecsInfo.MobileSpecsInfo  [MobileSpecsInfo.py:98] [MainThread]                 Command Status :                        Success
2024-06-07 16:46:55,721 INFO     SpecsInfo.MobileSpecsInfo  [MobileSpecsInfo.py:101] [MainThread]                 Command Output :                          4 5 6
2024-06-07 16:46:55,786 DEBUG    Base.Commands  [Commands.py:97] [MainThread]  Command output - 2080000
2024-06-07 16:46:55,787 INFO     SpecsInfo.MobileSpecsInfo  [MobileSpecsInfo.py:96] [MainThread]               Command Executed : adb wait-for-device  shell  cat /sys/devices/system/cpu/cpufreq/policy4/scaling_min_freq
2024-06-07 16:46:55,787 INFO     SpecsInfo.MobileSpecsInfo  [MobileSpecsInfo.py:98] [MainThread]                 Command Status :                        Success
2024-06-07 16:46:55,787 INFO     SpecsInfo.MobileSpecsInfo  [MobileSpecsInfo.py:101] [MainThread]                 Command Output :                        2080000
2024-06-07 16:46:55,861 DEBUG    Base.Commands  [Commands.py:97] [MainThread]  Command output - 2808000
2024-06-07 16:46:55,861 INFO     SpecsInfo.MobileSpecsInfo  [MobileSpecsInfo.py:96] [MainThread]               Command Executed : adb wait-for-device  shell  cat /sys/devices/system/cpu/cpufreq/policy4/scaling_max_freq
2024-06-07 16:46:55,861 INFO     SpecsInfo.MobileSpecsInfo  [MobileSpecsInfo.py:98] [MainThread]                 Command Status :                        Success
2024-06-07 16:46:55,861 INFO     SpecsInfo.MobileSpecsInfo  [MobileSpecsInfo.py:101] [MainThread]                 Command Output :                        2808000
2024-06-07 16:46:55,931 DEBUG    Base.Commands  [Commands.py:97] [MainThread]  Command output - 2080000
2024-06-07 16:46:55,931 INFO     SpecsInfo.MobileSpecsInfo  [MobileSpecsInfo.py:96] [MainThread]               Command Executed : adb wait-for-device  shell  cat /sys/devices/system/cpu/cpufreq/policy4/scaling_cur_freq
2024-06-07 16:46:55,933 INFO     SpecsInfo.MobileSpecsInfo  [MobileSpecsInfo.py:98] [MainThread]                 Command Status :                        Success
2024-06-07 16:46:55,933 INFO     SpecsInfo.MobileSpecsInfo  [MobileSpecsInfo.py:101] [MainThread]                 Command Output :                        2080000
2024-06-07 16:46:56,000 DEBUG    Base.Commands  [Commands.py:97] [MainThread]  Command output - 533000 624000 728000 832000 936000 1040000 1144000 1248000 1352000 1456000 1560000 1664000 1768000 1872000 1976000 2080000 2184000 2288000 2392000 2496000 2600000 2704000 2808000
2024-06-07 16:46:56,000 INFO     SpecsInfo.MobileSpecsInfo  [MobileSpecsInfo.py:96] [MainThread]               Command Executed : adb wait-for-device  shell  cat /sys/devices/system/cpu/cpufreq/policy4/scaling_available_frequencies
2024-06-07 16:46:56,001 INFO     SpecsInfo.MobileSpecsInfo  [MobileSpecsInfo.py:98] [MainThread]                 Command Status :                        Success
2024-06-07 16:46:56,001 INFO     SpecsInfo.MobileSpecsInfo  [MobileSpecsInfo.py:101] [MainThread]                 Command Output : 533000 624000 728000 832000 936000 1040000 1144000 1248000 1352000 1456000 1560000 1664000 1768000 1872000 1976000 2080000 2184000 2288000 2392000 2496000 2600000 2704000 2808000
2024-06-07 16:46:56,071 DEBUG    Base.Commands  [Commands.py:97] [MainThread]  Command output - conservative powersave performance energy_step schedutil
2024-06-07 16:46:56,071 INFO     SpecsInfo.MobileSpecsInfo  [MobileSpecsInfo.py:96] [MainThread]               Command Executed : adb wait-for-device  shell  cat /sys/devices/system/cpu/cpufreq/policy4/scaling_available_governors
2024-06-07 16:46:56,071 INFO     SpecsInfo.MobileSpecsInfo  [MobileSpecsInfo.py:98] [MainThread]                 Command Status :                        Success
2024-06-07 16:46:56,071 INFO     SpecsInfo.MobileSpecsInfo  [MobileSpecsInfo.py:101] [MainThread]                 Command Output : conservative powersave performance energy_step schedutil
2024-06-07 16:46:56,153 DEBUG    Base.Commands  [Commands.py:97] [MainThread]  Command output - energy_step
2024-06-07 16:46:56,153 INFO     SpecsInfo.MobileSpecsInfo  [MobileSpecsInfo.py:96] [MainThread]               Command Executed : adb wait-for-device  shell  cat /sys/devices/system/cpu/cpufreq/policy4/scaling_governor
2024-06-07 16:46:56,153 INFO     SpecsInfo.MobileSpecsInfo  [MobileSpecsInfo.py:98] [MainThread]                 Command Status :                        Success
2024-06-07 16:46:56,153 INFO     SpecsInfo.MobileSpecsInfo  [MobileSpecsInfo.py:101] [MainThread]                 Command Output :                    energy_step
2024-06-07 16:46:56,229 DEBUG    Base.Commands  [Commands.py:97] [MainThread]  Command output - 
2024-06-07 16:46:56,230 INFO     SpecsInfo.MobileSpecsInfo  [MobileSpecsInfo.py:96] [MainThread]               Command Executed : adb wait-for-device  shell  cat /sys/devices/system/cpu/cpufreq/policy4/../../offline
2024-06-07 16:46:56,230 INFO     SpecsInfo.MobileSpecsInfo  [MobileSpecsInfo.py:98] [MainThread]                 Command Status :                        Success
2024-06-07 16:46:56,230 INFO     SpecsInfo.MobileSpecsInfo  [MobileSpecsInfo.py:101] [MainThread]                 Command Output :                               
2024-06-07 16:46:56,357 DEBUG    Base.Commands  [Commands.py:97] [MainThread]  Command output - 0-7
2024-06-07 16:46:56,357 INFO     SpecsInfo.MobileSpecsInfo  [MobileSpecsInfo.py:96] [MainThread]               Command Executed : adb wait-for-device  shell  cat /sys/devices/system/cpu/cpufreq/policy4/../../online
2024-06-07 16:46:56,357 INFO     SpecsInfo.MobileSpecsInfo  [MobileSpecsInfo.py:98] [MainThread]                 Command Status :                        Success
2024-06-07 16:46:56,357 INFO     SpecsInfo.MobileSpecsInfo  [MobileSpecsInfo.py:101] [MainThread]                 Command Output :                            0-7
2024-06-07 16:46:56,430 DEBUG    Base.Commands  [Commands.py:97] [MainThread]  Command output - 
2024-06-07 16:46:56,430 INFO     SpecsInfo.MobileSpecsInfo  [MobileSpecsInfo.py:96] [MainThread]               Command Executed : adb wait-for-device  shell  cat /sys/devices/system/cpu/cpufreq/policy4/../../cpu_boost/input_boost_freq
2024-06-07 16:46:56,430 INFO     SpecsInfo.MobileSpecsInfo  [MobileSpecsInfo.py:98] [MainThread]                 Command Status :                        Success
2024-06-07 16:46:56,430 INFO     SpecsInfo.MobileSpecsInfo  [MobileSpecsInfo.py:101] [MainThread]                 Command Output :                               
2024-06-07 16:46:56,519 DEBUG    Base.Commands  [Commands.py:97] [MainThread]  Command output - 871
2024-06-07 16:46:56,519 INFO     SpecsInfo.MobileSpecsInfo  [MobileSpecsInfo.py:96] [MainThread]               Command Executed : adb wait-for-device  shell  cat /sys/devices/system/cpu/cpufreq/policy4/../../cpu4/cpu_capacity
2024-06-07 16:46:56,519 INFO     SpecsInfo.MobileSpecsInfo  [MobileSpecsInfo.py:98] [MainThread]                 Command Status :                        Success
2024-06-07 16:46:56,519 INFO     SpecsInfo.MobileSpecsInfo  [MobileSpecsInfo.py:101] [MainThread]                 Command Output :                            871
2024-06-07 16:46:56,622 DEBUG    Base.Commands  [Commands.py:97] [MainThread]  Command output - 
2024-06-07 16:46:56,622 INFO     SpecsInfo.MobileSpecsInfo  [MobileSpecsInfo.py:96] [MainThread]               Command Executed : adb wait-for-device  shell  cat /proc/cpuinfo | grep Processor
2024-06-07 16:46:56,622 INFO     SpecsInfo.MobileSpecsInfo  [MobileSpecsInfo.py:98] [MainThread]                 Command Status :                        Success
2024-06-07 16:46:56,622 INFO     SpecsInfo.MobileSpecsInfo  [MobileSpecsInfo.py:101] [MainThread]                 Command Output :                               
2024-06-07 16:46:56,622 INFO     SpecsInfo.CpuSpecsInfo  [CpuSpecsInfo.py:138] [MainThread]  Core Arch : 
2024-06-07 16:46:56,708 DEBUG    Base.Commands  [Commands.py:97] [MainThread]  Command output - 7
2024-06-07 16:46:56,708 INFO     SpecsInfo.MobileSpecsInfo  [MobileSpecsInfo.py:96] [MainThread]               Command Executed : adb wait-for-device  shell  cat /sys/devices/system/cpu/cpufreq/policy7/related_cpus
2024-06-07 16:46:56,708 INFO     SpecsInfo.MobileSpecsInfo  [MobileSpecsInfo.py:98] [MainThread]                 Command Status :                        Success
2024-06-07 16:46:56,708 INFO     SpecsInfo.MobileSpecsInfo  [MobileSpecsInfo.py:101] [MainThread]                 Command Output :                              7
2024-06-07 16:46:56,808 DEBUG    Base.Commands  [Commands.py:97] [MainThread]  Command output - 533000
2024-06-07 16:46:56,808 INFO     SpecsInfo.MobileSpecsInfo  [MobileSpecsInfo.py:96] [MainThread]               Command Executed : adb wait-for-device  shell  cat /sys/devices/system/cpu/cpufreq/policy7/scaling_min_freq
2024-06-07 16:46:56,808 INFO     SpecsInfo.MobileSpecsInfo  [MobileSpecsInfo.py:98] [MainThread]                 Command Status :                        Success
2024-06-07 16:46:56,808 INFO     SpecsInfo.MobileSpecsInfo  [MobileSpecsInfo.py:101] [MainThread]                 Command Output :                         533000
2024-06-07 16:46:56,900 DEBUG    Base.Commands  [Commands.py:97] [MainThread]  Command output - 2912000
2024-06-07 16:46:56,900 INFO     SpecsInfo.MobileSpecsInfo  [MobileSpecsInfo.py:96] [MainThread]               Command Executed : adb wait-for-device  shell  cat /sys/devices/system/cpu/cpufreq/policy7/scaling_max_freq
2024-06-07 16:46:56,900 INFO     SpecsInfo.MobileSpecsInfo  [MobileSpecsInfo.py:98] [MainThread]                 Command Status :                        Success
2024-06-07 16:46:56,900 INFO     SpecsInfo.MobileSpecsInfo  [MobileSpecsInfo.py:101] [MainThread]                 Command Output :                        2912000
2024-06-07 16:46:56,981 DEBUG    Base.Commands  [Commands.py:97] [MainThread]  Command output - 533000
2024-06-07 16:46:56,981 INFO     SpecsInfo.MobileSpecsInfo  [MobileSpecsInfo.py:96] [MainThread]               Command Executed : adb wait-for-device  shell  cat /sys/devices/system/cpu/cpufreq/policy7/scaling_cur_freq
2024-06-07 16:46:56,981 INFO     SpecsInfo.MobileSpecsInfo  [MobileSpecsInfo.py:98] [MainThread]                 Command Status :                        Success
2024-06-07 16:46:56,981 INFO     SpecsInfo.MobileSpecsInfo  [MobileSpecsInfo.py:101] [MainThread]                 Command Output :                         533000
2024-06-07 16:46:57,062 DEBUG    Base.Commands  [Commands.py:97] [MainThread]  Command output - 533000 624000 728000 832000 936000 1040000 1144000 1248000 1352000 1456000 1560000 1664000 1768000 1872000 1976000 2080000 2184000 2288000 2392000 2496000 2600000 2704000 2808000 2912000
2024-06-07 16:46:57,063 INFO     SpecsInfo.MobileSpecsInfo  [MobileSpecsInfo.py:96] [MainThread]               Command Executed : adb wait-for-device  shell  cat /sys/devices/system/cpu/cpufreq/policy7/scaling_available_frequencies
2024-06-07 16:46:57,063 INFO     SpecsInfo.MobileSpecsInfo  [MobileSpecsInfo.py:98] [MainThread]                 Command Status :                        Success
2024-06-07 16:46:57,063 INFO     SpecsInfo.MobileSpecsInfo  [MobileSpecsInfo.py:101] [MainThread]                 Command Output : 533000 624000 728000 832000 936000 1040000 1144000 1248000 1352000 1456000 1560000 1664000 1768000 1872000 1976000 2080000 2184000 2288000 2392000 2496000 2600000 2704000 2808000 2912000
2024-06-07 16:46:57,157 DEBUG    Base.Commands  [Commands.py:97] [MainThread]  Command output - conservative powersave performance energy_step schedutil
2024-06-07 16:46:57,157 INFO     SpecsInfo.MobileSpecsInfo  [MobileSpecsInfo.py:96] [MainThread]               Command Executed : adb wait-for-device  shell  cat /sys/devices/system/cpu/cpufreq/policy7/scaling_available_governors
2024-06-07 16:46:57,157 INFO     SpecsInfo.MobileSpecsInfo  [MobileSpecsInfo.py:98] [MainThread]                 Command Status :                        Success
2024-06-07 16:46:57,157 INFO     SpecsInfo.MobileSpecsInfo  [MobileSpecsInfo.py:101] [MainThread]                 Command Output : conservative powersave performance energy_step schedutil
2024-06-07 16:46:57,238 DEBUG    Base.Commands  [Commands.py:97] [MainThread]  Command output - energy_step
2024-06-07 16:46:57,238 INFO     SpecsInfo.MobileSpecsInfo  [MobileSpecsInfo.py:96] [MainThread]               Command Executed : adb wait-for-device  shell  cat /sys/devices/system/cpu/cpufreq/policy7/scaling_governor
2024-06-07 16:46:57,238 INFO     SpecsInfo.MobileSpecsInfo  [MobileSpecsInfo.py:98] [MainThread]                 Command Status :                        Success
2024-06-07 16:46:57,238 INFO     SpecsInfo.MobileSpecsInfo  [MobileSpecsInfo.py:101] [MainThread]                 Command Output :                    energy_step
2024-06-07 16:46:57,328 DEBUG    Base.Commands  [Commands.py:97] [MainThread]  Command output - 
2024-06-07 16:46:57,328 INFO     SpecsInfo.MobileSpecsInfo  [MobileSpecsInfo.py:96] [MainThread]               Command Executed : adb wait-for-device  shell  cat /sys/devices/system/cpu/cpufreq/policy7/../../offline
2024-06-07 16:46:57,328 INFO     SpecsInfo.MobileSpecsInfo  [MobileSpecsInfo.py:98] [MainThread]                 Command Status :                        Success
2024-06-07 16:46:57,328 INFO     SpecsInfo.MobileSpecsInfo  [MobileSpecsInfo.py:101] [MainThread]                 Command Output :                               
2024-06-07 16:46:57,425 DEBUG    Base.Commands  [Commands.py:97] [MainThread]  Command output - 0-7
2024-06-07 16:46:57,425 INFO     SpecsInfo.MobileSpecsInfo  [MobileSpecsInfo.py:96] [MainThread]               Command Executed : adb wait-for-device  shell  cat /sys/devices/system/cpu/cpufreq/policy7/../../online
2024-06-07 16:46:57,425 INFO     SpecsInfo.MobileSpecsInfo  [MobileSpecsInfo.py:98] [MainThread]                 Command Status :                        Success
2024-06-07 16:46:57,425 INFO     SpecsInfo.MobileSpecsInfo  [MobileSpecsInfo.py:101] [MainThread]                 Command Output :                            0-7
2024-06-07 16:46:57,511 DEBUG    Base.Commands  [Commands.py:97] [MainThread]  Command output - 
2024-06-07 16:46:57,511 INFO     SpecsInfo.MobileSpecsInfo  [MobileSpecsInfo.py:96] [MainThread]               Command Executed : adb wait-for-device  shell  cat /sys/devices/system/cpu/cpufreq/policy7/../../cpu_boost/input_boost_freq
2024-06-07 16:46:57,511 INFO     SpecsInfo.MobileSpecsInfo  [MobileSpecsInfo.py:98] [MainThread]                 Command Status :                        Success
2024-06-07 16:46:57,511 INFO     SpecsInfo.MobileSpecsInfo  [MobileSpecsInfo.py:101] [MainThread]                 Command Output :                               
2024-06-07 16:46:57,613 DEBUG    Base.Commands  [Commands.py:97] [MainThread]  Command output - 1024
2024-06-07 16:46:57,613 INFO     SpecsInfo.MobileSpecsInfo  [MobileSpecsInfo.py:96] [MainThread]               Command Executed : adb wait-for-device  shell  cat /sys/devices/system/cpu/cpufreq/policy7/../../cpu7/cpu_capacity
2024-06-07 16:46:57,614 INFO     SpecsInfo.MobileSpecsInfo  [MobileSpecsInfo.py:98] [MainThread]                 Command Status :                        Success
2024-06-07 16:46:57,614 INFO     SpecsInfo.MobileSpecsInfo  [MobileSpecsInfo.py:101] [MainThread]                 Command Output :                           1024
2024-06-07 16:46:57,724 DEBUG    Base.Commands  [Commands.py:97] [MainThread]  Command output - 
2024-06-07 16:46:57,724 INFO     SpecsInfo.MobileSpecsInfo  [MobileSpecsInfo.py:96] [MainThread]               Command Executed : adb wait-for-device  shell  cat /proc/cpuinfo | grep Processor
2024-06-07 16:46:57,724 INFO     SpecsInfo.MobileSpecsInfo  [MobileSpecsInfo.py:98] [MainThread]                 Command Status :                        Success
2024-06-07 16:46:57,724 INFO     SpecsInfo.MobileSpecsInfo  [MobileSpecsInfo.py:101] [MainThread]                 Command Output :                               
2024-06-07 16:46:57,725 INFO     SpecsInfo.CpuSpecsInfo  [CpuSpecsInfo.py:138] [MainThread]  Core Arch : 
