2024-06-07 16:46:52,846 DEBUG    Base.Commands  [Commands.py:97] [MainThread]  Command output - RZCW31E6X5R
2024-06-07 16:46:52,846 INFO     SpecsInfo.MobileSpecsInfo  [MobileSpecsInfo.py:96] [MainThread]               Command Executed : adb wait-for-device  get-serialno 
2024-06-07 16:46:52,846 INFO     SpecsInfo.MobileSpecsInfo  [MobileSpecsInfo.py:98] [MainThread]                 Command Status :                        Success
2024-06-07 16:46:52,847 INFO     SpecsInfo.MobileSpecsInfo  [MobileSpecsInfo.py:101] [MainThread]                 Command Output :                    RZCW31E6X5R
2024-06-07 16:46:52,884 DEBUG    Base.Commands  [Commands.py:97] [MainThread]  Command output - RZCW31E6X5R
2024-06-07 16:46:52,885 INFO     SpecsInfo.MobileSpecsInfo  [MobileSpecsInfo.py:96] [MainThread]               Command Executed : adb wait-for-device  get-serialno 
2024-06-07 16:46:52,885 INFO     SpecsInfo.MobileSpecsInfo  [MobileSpecsInfo.py:98] [MainThread]                 Command Status :                        Success
2024-06-07 16:46:52,885 INFO     SpecsInfo.MobileSpecsInfo  [MobileSpecsInfo.py:101] [MainThread]                 Command Output :                    RZCW31E6X5R
2024-06-07 16:46:53,032 DEBUG    Base.Commands  [Commands.py:97] [MainThread]  Command output - universal2100_r
2024-06-07 16:46:53,032 INFO     SpecsInfo.MobileSpecsInfo  [MobileSpecsInfo.py:96] [MainThread]               Command Executed : adb wait-for-device  shell  getprop  ro.board.platform 
2024-06-07 16:46:53,033 INFO     SpecsInfo.MobileSpecsInfo  [MobileSpecsInfo.py:98] [MainThread]                 Command Status :                        Success
2024-06-07 16:46:53,033 INFO     SpecsInfo.MobileSpecsInfo  [MobileSpecsInfo.py:101] [MainThread]                 Command Output :                universal2100_r
2024-06-07 16:46:53,133 DEBUG    Base.Commands  [Commands.py:97] [MainThread]  Command output - samsung
2024-06-07 16:46:53,133 INFO     SpecsInfo.MobileSpecsInfo  [MobileSpecsInfo.py:96] [MainThread]               Command Executed : adb wait-for-device  shell  getprop  ro.product.manufacturer 
2024-06-07 16:46:53,133 INFO     SpecsInfo.MobileSpecsInfo  [MobileSpecsInfo.py:98] [MainThread]                 Command Status :                        Success
2024-06-07 16:46:53,133 INFO     SpecsInfo.MobileSpecsInfo  [MobileSpecsInfo.py:101] [MainThread]                 Command Output :                        samsung
2024-06-07 16:46:53,219 DEBUG    Base.Commands  [Commands.py:97] [MainThread]  Command output - Samsung
2024-06-07 16:46:53,219 INFO     SpecsInfo.MobileSpecsInfo  [MobileSpecsInfo.py:96] [MainThread]               Command Executed : adb wait-for-device  shell  getprop  ro.soc.manufacturer 
2024-06-07 16:46:53,219 INFO     SpecsInfo.MobileSpecsInfo  [MobileSpecsInfo.py:98] [MainThread]                 Command Status :                        Success
2024-06-07 16:46:53,219 INFO     SpecsInfo.MobileSpecsInfo  [MobileSpecsInfo.py:101] [MainThread]                 Command Output :                        Samsung
2024-06-07 16:46:53,315 DEBUG    Base.Commands  [Commands.py:97] [MainThread]  Command output - Exynos 2100
2024-06-07 16:46:53,315 INFO     SpecsInfo.MobileSpecsInfo  [MobileSpecsInfo.py:96] [MainThread]               Command Executed : adb wait-for-device  shell  getprop  ro.soc.model 
2024-06-07 16:46:53,315 INFO     SpecsInfo.MobileSpecsInfo  [MobileSpecsInfo.py:98] [MainThread]                 Command Status :                        Success
2024-06-07 16:46:53,315 INFO     SpecsInfo.MobileSpecsInfo  [MobileSpecsInfo.py:101] [MainThread]                 Command Output :                    Exynos 2100
2024-06-07 16:46:53,410 DEBUG    Base.Commands  [Commands.py:97] [MainThread]  Command output - unknown
2024-06-07 16:46:53,410 INFO     SpecsInfo.MobileSpecsInfo  [MobileSpecsInfo.py:96] [MainThread]               Command Executed : adb wait-for-device  shell  getprop  ro.baseband 
2024-06-07 16:46:53,410 INFO     SpecsInfo.MobileSpecsInfo  [MobileSpecsInfo.py:98] [MainThread]                 Command Status :                        Success
2024-06-07 16:46:53,410 INFO     SpecsInfo.MobileSpecsInfo  [MobileSpecsInfo.py:101] [MainThread]                 Command Output :                        unknown
2024-06-07 16:46:53,505 DEBUG    Base.Commands  [Commands.py:97] [MainThread]  Command output - dsds
2024-06-07 16:46:53,505 INFO     SpecsInfo.MobileSpecsInfo  [MobileSpecsInfo.py:96] [MainThread]               Command Executed : adb wait-for-device  shell  getprop  persist.radio.multisim.config 
2024-06-07 16:46:53,505 INFO     SpecsInfo.MobileSpecsInfo  [MobileSpecsInfo.py:98] [MainThread]                 Command Status :                        Success
2024-06-07 16:46:53,505 INFO     SpecsInfo.MobileSpecsInfo  [MobileSpecsInfo.py:101] [MainThread]                 Command Output :                           dsds
2024-06-07 16:46:53,598 DEBUG    Base.Commands  [Commands.py:97] [MainThread]  Command output - mali
2024-06-07 16:46:53,598 INFO     SpecsInfo.MobileSpecsInfo  [MobileSpecsInfo.py:96] [MainThread]               Command Executed : adb wait-for-device  shell  getprop  ro.hardware.egl 
2024-06-07 16:46:53,598 INFO     SpecsInfo.MobileSpecsInfo  [MobileSpecsInfo.py:98] [MainThread]                 Command Status :                        Success
2024-06-07 16:46:53,598 INFO     SpecsInfo.MobileSpecsInfo  [MobileSpecsInfo.py:101] [MainThread]                 Command Output :                           mali
2024-06-07 16:46:53,686 DEBUG    Base.Commands  [Commands.py:97] [MainThread]  Command output - 
2024-06-07 16:46:53,687 INFO     SpecsInfo.MobileSpecsInfo  [MobileSpecsInfo.py:96] [MainThread]               Command Executed : adb wait-for-device  shell  getprop  ro.hardware.nfc_nci 
2024-06-07 16:46:53,687 INFO     SpecsInfo.MobileSpecsInfo  [MobileSpecsInfo.py:98] [MainThread]                 Command Status :                        Success
2024-06-07 16:46:53,687 INFO     SpecsInfo.MobileSpecsInfo  [MobileSpecsInfo.py:101] [MainThread]                 Command Output :                               
2024-06-07 16:46:53,860 DEBUG    Base.Commands  [Commands.py:97] [MainThread]  Command output - Physical size: 1080x2340
2024-06-07 16:46:53,860 INFO     SpecsInfo.MobileSpecsInfo  [MobileSpecsInfo.py:96] [MainThread]               Command Executed : adb wait-for-device  shell  wm  size 
2024-06-07 16:46:53,860 INFO     SpecsInfo.MobileSpecsInfo  [MobileSpecsInfo.py:98] [MainThread]                 Command Status :                        Success
2024-06-07 16:46:53,860 INFO     SpecsInfo.MobileSpecsInfo  [MobileSpecsInfo.py:101] [MainThread]                 Command Output :       Physical size: 1080x2340
2024-06-07 16:46:53,969 DEBUG    Base.Commands  [Commands.py:97] [MainThread]  Command output - Physical density: 480
Override density: 420
2024-06-07 16:46:53,969 INFO     SpecsInfo.MobileSpecsInfo  [MobileSpecsInfo.py:96] [MainThread]               Command Executed : adb wait-for-device  shell  wm  density 
2024-06-07 16:46:53,969 INFO     SpecsInfo.MobileSpecsInfo  [MobileSpecsInfo.py:98] [MainThread]                 Command Status :                        Success
2024-06-07 16:46:53,969 INFO     SpecsInfo.MobileSpecsInfo  [MobileSpecsInfo.py:101] [MainThread]                 Command Output : Physical density: 480
Override density: 420
2024-06-07 16:46:54,058 DEBUG    Base.Commands  [Commands.py:97] [MainThread]  Command output - lock 0
2024-06-07 16:46:54,058 INFO     SpecsInfo.MobileSpecsInfo  [MobileSpecsInfo.py:96] [MainThread]               Command Executed : adb wait-for-device  shell  wm  user-rotation 
2024-06-07 16:46:54,058 INFO     SpecsInfo.MobileSpecsInfo  [MobileSpecsInfo.py:98] [MainThread]                 Command Status :                        Success
2024-06-07 16:46:54,058 INFO     SpecsInfo.MobileSpecsInfo  [MobileSpecsInfo.py:101] [MainThread]                 Command Output :                         lock 0
2024-06-07 16:46:54,147 DEBUG    Base.Commands  [Commands.py:97] [MainThread]  Command output - Supports non-resizable in multi window: -1
Respects activity min width/height in multi window: 0
2024-06-07 16:46:54,147 INFO     SpecsInfo.MobileSpecsInfo  [MobileSpecsInfo.py:96] [MainThread]               Command Executed : adb wait-for-device  shell  wm  get-multi-window-config 
2024-06-07 16:46:54,147 INFO     SpecsInfo.MobileSpecsInfo  [MobileSpecsInfo.py:98] [MainThread]                 Command Status :                        Success
2024-06-07 16:46:54,147 INFO     SpecsInfo.MobileSpecsInfo  [MobileSpecsInfo.py:101] [MainThread]                 Command Output : Supports non-resizable in multi window: -1
Respects activity min width/height in multi window: 0
2024-06-07 16:46:54,196 DEBUG    Base.Commands  [Commands.py:97] [MainThread]  Command output - Android Debug Bridge version 1.0.41
Version 35.0.1-11580240
Installed as C:\Users\sachi\AppData\Local\Android\Sdk\platform-tools\adb.exe
Running on Windows 10.0.26120
2024-06-07 16:46:54,196 INFO     SpecsInfo.MobileSpecsInfo  [MobileSpecsInfo.py:96] [MainThread]               Command Executed :  adb wait-for-device  version 
2024-06-07 16:46:54,196 INFO     SpecsInfo.MobileSpecsInfo  [MobileSpecsInfo.py:98] [MainThread]                 Command Status :                        Success
2024-06-07 16:46:54,196 INFO     SpecsInfo.MobileSpecsInfo  [MobileSpecsInfo.py:101] [MainThread]                 Command Output : Android Debug Bridge version 1.0.41
Version 35.0.1-11580240
Installed as C:\Users\sachi\AppData\Local\Android\Sdk\platform-tools\adb.exe
Running on Windows 10.0.26120
2024-06-07 16:46:54,282 DEBUG    Base.Commands  [Commands.py:97] [MainThread]  Command output - 14
2024-06-07 16:46:54,282 INFO     SpecsInfo.MobileSpecsInfo  [MobileSpecsInfo.py:96] [MainThread]               Command Executed : adb wait-for-device  shell  getprop  ro.build.version.release 
2024-06-07 16:46:54,283 INFO     SpecsInfo.MobileSpecsInfo  [MobileSpecsInfo.py:98] [MainThread]                 Command Status :                        Success
2024-06-07 16:46:54,283 INFO     SpecsInfo.MobileSpecsInfo  [MobileSpecsInfo.py:101] [MainThread]                 Command Output :                             14
2024-06-07 16:46:54,349 DEBUG    Base.Commands  [Commands.py:97] [MainThread]  Command output - 5.4
2024-06-07 16:46:54,350 INFO     SpecsInfo.MobileSpecsInfo  [MobileSpecsInfo.py:96] [MainThread]               Command Executed : adb wait-for-device  shell  getprop  ro.kernel.version 
2024-06-07 16:46:54,350 INFO     SpecsInfo.MobileSpecsInfo  [MobileSpecsInfo.py:98] [MainThread]                 Command Status :                        Success
2024-06-07 16:46:54,350 INFO     SpecsInfo.MobileSpecsInfo  [MobileSpecsInfo.py:101] [MainThread]                 Command Output :                            5.4
2024-06-07 16:46:54,411 DEBUG    Base.Commands  [Commands.py:97] [MainThread]  Command output - 34
2024-06-07 16:46:54,411 INFO     SpecsInfo.MobileSpecsInfo  [MobileSpecsInfo.py:96] [MainThread]               Command Executed : adb wait-for-device  shell  getprop  ro.build.version.sdk 
2024-06-07 16:46:54,412 INFO     SpecsInfo.MobileSpecsInfo  [MobileSpecsInfo.py:98] [MainThread]                 Command Status :                        Success
2024-06-07 16:46:54,412 INFO     SpecsInfo.MobileSpecsInfo  [MobileSpecsInfo.py:101] [MainThread]                 Command Output :                             34
2024-06-07 16:46:54,500 DEBUG    Base.Commands  [Commands.py:97] [MainThread]  Command output - 34
2024-06-07 16:46:54,500 INFO     SpecsInfo.MobileSpecsInfo  [MobileSpecsInfo.py:96] [MainThread]               Command Executed : adb wait-for-device  shell  getprop  ro.product.build.version.sdk 
2024-06-07 16:46:54,500 INFO     SpecsInfo.MobileSpecsInfo  [MobileSpecsInfo.py:98] [MainThread]                 Command Status :                        Success
2024-06-07 16:46:54,501 INFO     SpecsInfo.MobileSpecsInfo  [MobileSpecsInfo.py:101] [MainThread]                 Command Output :                             34
2024-06-07 16:46:54,572 DEBUG    Base.Commands  [Commands.py:97] [MainThread]  Command output - 34
2024-06-07 16:46:54,572 INFO     SpecsInfo.MobileSpecsInfo  [MobileSpecsInfo.py:96] [MainThread]               Command Executed : adb wait-for-device  shell  getprop  ro.system.build.version.sdk 
2024-06-07 16:46:54,572 INFO     SpecsInfo.MobileSpecsInfo  [MobileSpecsInfo.py:98] [MainThread]                 Command Status :                        Success
2024-06-07 16:46:54,572 INFO     SpecsInfo.MobileSpecsInfo  [MobileSpecsInfo.py:101] [MainThread]                 Command Output :                             34
2024-06-07 16:46:54,633 DEBUG    Base.Commands  [Commands.py:97] [MainThread]  Command output - 30
2024-06-07 16:46:54,633 INFO     SpecsInfo.MobileSpecsInfo  [MobileSpecsInfo.py:96] [MainThread]               Command Executed : adb wait-for-device  shell  getprop  ro.vendor.build.version.sdk 
2024-06-07 16:46:54,633 INFO     SpecsInfo.MobileSpecsInfo  [MobileSpecsInfo.py:98] [MainThread]                 Command Status :                        Success
2024-06-07 16:46:54,633 INFO     SpecsInfo.MobileSpecsInfo  [MobileSpecsInfo.py:101] [MainThread]                 Command Output :                             30
